[2024-10-20T19:56:13.542+0000] {local_task_job_runner.py:123} INFO - ::group::Pre task execution logs
[2024-10-20T19:56:13.560+0000] {taskinstance.py:2612} INFO - Dependencies all met for dep_context=non-requeueable deps ti=<TaskInstance: binance_data_extraction.run_binance_script manual__2024-10-20T19:56:11.568491+00:00 [queued]>
[2024-10-20T19:56:13.570+0000] {taskinstance.py:2612} INFO - Dependencies all met for dep_context=requeueable deps ti=<TaskInstance: binance_data_extraction.run_binance_script manual__2024-10-20T19:56:11.568491+00:00 [queued]>
[2024-10-20T19:56:13.570+0000] {taskinstance.py:2865} INFO - Starting attempt 1 of 2
[2024-10-20T19:56:13.585+0000] {taskinstance.py:2888} INFO - Executing <Task(PythonOperator): run_binance_script> on 2024-10-20 19:56:11.568491+00:00
[2024-10-20T19:56:13.597+0000] {warnings.py:112} WARNING - /home/***/.local/lib/python3.12/site-packages/***/task/task_runner/standard_task_runner.py:70: DeprecationWarning: This process (pid=183) is multi-threaded, use of fork() may lead to deadlocks in the child.
  pid = os.fork()

[2024-10-20T19:56:13.598+0000] {standard_task_runner.py:72} INFO - Started process 185 to run task
[2024-10-20T19:56:13.601+0000] {standard_task_runner.py:104} INFO - Running: ['***', 'tasks', 'run', 'binance_data_extraction', 'run_binance_script', 'manual__2024-10-20T19:56:11.568491+00:00', '--job-id', '8', '--raw', '--subdir', 'DAGS_FOLDER/binance_data_extraction.py', '--cfg-path', '/tmp/tmp8ybboifz']
[2024-10-20T19:56:13.603+0000] {standard_task_runner.py:105} INFO - Job 8: Subtask run_binance_script
[2024-10-20T19:56:13.651+0000] {task_command.py:467} INFO - Running <TaskInstance: binance_data_extraction.run_binance_script manual__2024-10-20T19:56:11.568491+00:00 [running]> on host 3c6d286072f5
[2024-10-20T19:56:13.731+0000] {taskinstance.py:3131} INFO - Exporting env vars: AIRFLOW_CTX_DAG_OWNER='***' AIRFLOW_CTX_DAG_ID='binance_data_extraction' AIRFLOW_CTX_TASK_ID='run_binance_script' AIRFLOW_CTX_EXECUTION_DATE='2024-10-20T19:56:11.568491+00:00' AIRFLOW_CTX_TRY_NUMBER='1' AIRFLOW_CTX_DAG_RUN_ID='manual__2024-10-20T19:56:11.568491+00:00'
[2024-10-20T19:56:13.732+0000] {logging_mixin.py:190} INFO - Task instance is in running state
[2024-10-20T19:56:13.733+0000] {logging_mixin.py:190} INFO -  Previous state of the Task instance: queued
[2024-10-20T19:56:13.733+0000] {logging_mixin.py:190} INFO - Current task name:run_binance_script state:running start_date:2024-10-20 19:56:13.560857+00:00
[2024-10-20T19:56:13.734+0000] {logging_mixin.py:190} INFO - Dag name:binance_data_extraction and current dag run status:running
[2024-10-20T19:56:13.734+0000] {taskinstance.py:731} INFO - ::endgroup::
[2024-10-20T19:56:13.779+0000] {logging_mixin.py:190} INFO - stdout: 
[2024-10-20T19:56:13.780+0000] {logging_mixin.py:190} INFO - stderr: python: can't open file '/opt/***/binance_prices.py': [Errno 2] No such file or directory
[2024-10-20T19:56:13.780+0000] {python.py:240} INFO - Done. Returned value was: None
[2024-10-20T19:56:13.791+0000] {taskinstance.py:340} INFO - ::group::Post task execution logs
[2024-10-20T19:56:13.792+0000] {taskinstance.py:352} INFO - Marking task as SUCCESS. dag_id=binance_data_extraction, task_id=run_binance_script, run_id=manual__2024-10-20T19:56:11.568491+00:00, execution_date=20241020T195611, start_date=20241020T195613, end_date=20241020T195613
[2024-10-20T19:56:13.801+0000] {logging_mixin.py:190} INFO - Task instance in success state
[2024-10-20T19:56:13.801+0000] {logging_mixin.py:190} INFO -  Previous state of the Task instance: running
[2024-10-20T19:56:13.801+0000] {logging_mixin.py:190} INFO - Dag name:binance_data_extraction queued_at:2024-10-20 19:56:11.591090+00:00
[2024-10-20T19:56:13.801+0000] {logging_mixin.py:190} INFO - Task hostname:3c6d286072f5 operator:PythonOperator
[2024-10-20T19:56:13.854+0000] {local_task_job_runner.py:266} INFO - Task exited with return code 0
[2024-10-20T19:56:13.899+0000] {taskinstance.py:3900} INFO - 1 downstream tasks scheduled from follow-on schedule check
[2024-10-20T19:56:13.901+0000] {local_task_job_runner.py:245} INFO - ::endgroup::
