[2024-10-20T20:20:52.280+0000] {local_task_job_runner.py:123} INFO - ::group::Pre task execution logs
[2024-10-20T20:20:52.297+0000] {taskinstance.py:2612} INFO - Dependencies all met for dep_context=non-requeueable deps ti=<TaskInstance: binance_data_extraction.load_data_to_redshift manual__2024-10-20T20:20:46.333790+00:00 [queued]>
[2024-10-20T20:20:52.305+0000] {taskinstance.py:2612} INFO - Dependencies all met for dep_context=requeueable deps ti=<TaskInstance: binance_data_extraction.load_data_to_redshift manual__2024-10-20T20:20:46.333790+00:00 [queued]>
[2024-10-20T20:20:52.306+0000] {taskinstance.py:2865} INFO - Starting attempt 1 of 2
[2024-10-20T20:20:52.318+0000] {taskinstance.py:2888} INFO - Executing <Task(PythonOperator): load_data_to_redshift> on 2024-10-20 20:20:46.333790+00:00
[2024-10-20T20:20:52.331+0000] {warnings.py:112} WARNING - /home/***/.local/lib/python3.12/site-packages/***/task/task_runner/standard_task_runner.py:70: DeprecationWarning: This process (pid=134) is multi-threaded, use of fork() may lead to deadlocks in the child.
  pid = os.fork()

[2024-10-20T20:20:52.332+0000] {standard_task_runner.py:72} INFO - Started process 136 to run task
[2024-10-20T20:20:52.333+0000] {standard_task_runner.py:104} INFO - Running: ['***', 'tasks', 'run', 'binance_data_extraction', 'load_data_to_redshift', 'manual__2024-10-20T20:20:46.333790+00:00', '--job-id', '14', '--raw', '--subdir', 'DAGS_FOLDER/binance_data_extraction.py', '--cfg-path', '/tmp/tmpxp3xp8sd']
[2024-10-20T20:20:52.334+0000] {standard_task_runner.py:105} INFO - Job 14: Subtask load_data_to_redshift
[2024-10-20T20:20:52.378+0000] {task_command.py:467} INFO - Running <TaskInstance: binance_data_extraction.load_data_to_redshift manual__2024-10-20T20:20:46.333790+00:00 [running]> on host 3c6d286072f5
[2024-10-20T20:20:52.457+0000] {taskinstance.py:3131} INFO - Exporting env vars: AIRFLOW_CTX_DAG_OWNER='***' AIRFLOW_CTX_DAG_ID='binance_data_extraction' AIRFLOW_CTX_TASK_ID='load_data_to_redshift' AIRFLOW_CTX_EXECUTION_DATE='2024-10-20T20:20:46.333790+00:00' AIRFLOW_CTX_TRY_NUMBER='1' AIRFLOW_CTX_DAG_RUN_ID='manual__2024-10-20T20:20:46.333790+00:00'
[2024-10-20T20:20:52.458+0000] {logging_mixin.py:190} INFO - Task instance is in running state
[2024-10-20T20:20:52.459+0000] {logging_mixin.py:190} INFO -  Previous state of the Task instance: queued
[2024-10-20T20:20:52.459+0000] {logging_mixin.py:190} INFO - Current task name:load_data_to_redshift state:running start_date:2024-10-20 20:20:52.297823+00:00
[2024-10-20T20:20:52.459+0000] {logging_mixin.py:190} INFO - Dag name:binance_data_extraction and current dag run status:running
[2024-10-20T20:20:52.459+0000] {taskinstance.py:731} INFO - ::endgroup::
[2024-10-20T20:20:53.959+0000] {logging_mixin.py:190} INFO - Conexión exitosa a Redshift
[2024-10-20T20:20:54.330+0000] {logging_mixin.py:190} INFO - Error al insertar o actualizar datos en Redshift: syntax error at or near "2024" in context "SELECT * FROM 2024", at line 2
LINE 2:                 SELECT * FROM 2024_paola_torrealba_schema.bi...
                                      ^
[2024-10-20T20:20:54.530+0000] {python.py:240} INFO - Done. Returned value was: None
[2024-10-20T20:20:54.551+0000] {taskinstance.py:340} INFO - ::group::Post task execution logs
[2024-10-20T20:20:54.552+0000] {taskinstance.py:352} INFO - Marking task as SUCCESS. dag_id=binance_data_extraction, task_id=load_data_to_redshift, run_id=manual__2024-10-20T20:20:46.333790+00:00, execution_date=20241020T202046, start_date=20241020T202052, end_date=20241020T202054
[2024-10-20T20:20:54.572+0000] {logging_mixin.py:190} INFO - Task instance in success state
[2024-10-20T20:20:54.572+0000] {logging_mixin.py:190} INFO -  Previous state of the Task instance: running
[2024-10-20T20:20:54.573+0000] {logging_mixin.py:190} INFO - Dag name:binance_data_extraction queued_at:2024-10-20 20:20:46.367209+00:00
[2024-10-20T20:20:54.573+0000] {logging_mixin.py:190} INFO - Task hostname:3c6d286072f5 operator:PythonOperator
[2024-10-20T20:20:54.632+0000] {local_task_job_runner.py:266} INFO - Task exited with return code 0
[2024-10-20T20:20:54.666+0000] {taskinstance.py:3900} INFO - 0 downstream tasks scheduled from follow-on schedule check
[2024-10-20T20:20:54.670+0000] {local_task_job_runner.py:245} INFO - ::endgroup::
