[2024-10-20T20:20:48.623+0000] {local_task_job_runner.py:123} INFO - ::group::Pre task execution logs
[2024-10-20T20:20:48.641+0000] {taskinstance.py:2612} INFO - Dependencies all met for dep_context=non-requeueable deps ti=<TaskInstance: binance_data_extraction.run_binance_script manual__2024-10-20T20:20:46.333790+00:00 [queued]>
[2024-10-20T20:20:48.650+0000] {taskinstance.py:2612} INFO - Dependencies all met for dep_context=requeueable deps ti=<TaskInstance: binance_data_extraction.run_binance_script manual__2024-10-20T20:20:46.333790+00:00 [queued]>
[2024-10-20T20:20:48.650+0000] {taskinstance.py:2865} INFO - Starting attempt 1 of 2
[2024-10-20T20:20:48.665+0000] {taskinstance.py:2888} INFO - Executing <Task(PythonOperator): run_binance_script> on 2024-10-20 20:20:46.333790+00:00
[2024-10-20T20:20:48.675+0000] {warnings.py:112} WARNING - /home/***/.local/lib/python3.12/site-packages/***/task/task_runner/standard_task_runner.py:70: DeprecationWarning: This process (pid=121) is multi-threaded, use of fork() may lead to deadlocks in the child.
  pid = os.fork()

[2024-10-20T20:20:48.677+0000] {standard_task_runner.py:72} INFO - Started process 123 to run task
[2024-10-20T20:20:48.678+0000] {standard_task_runner.py:104} INFO - Running: ['***', 'tasks', 'run', 'binance_data_extraction', 'run_binance_script', 'manual__2024-10-20T20:20:46.333790+00:00', '--job-id', '13', '--raw', '--subdir', 'DAGS_FOLDER/binance_data_extraction.py', '--cfg-path', '/tmp/tmpzfvu047q']
[2024-10-20T20:20:48.679+0000] {standard_task_runner.py:105} INFO - Job 13: Subtask run_binance_script
[2024-10-20T20:20:48.731+0000] {task_command.py:467} INFO - Running <TaskInstance: binance_data_extraction.run_binance_script manual__2024-10-20T20:20:46.333790+00:00 [running]> on host 3c6d286072f5
[2024-10-20T20:20:48.830+0000] {taskinstance.py:3131} INFO - Exporting env vars: AIRFLOW_CTX_DAG_OWNER='***' AIRFLOW_CTX_DAG_ID='binance_data_extraction' AIRFLOW_CTX_TASK_ID='run_binance_script' AIRFLOW_CTX_EXECUTION_DATE='2024-10-20T20:20:46.333790+00:00' AIRFLOW_CTX_TRY_NUMBER='1' AIRFLOW_CTX_DAG_RUN_ID='manual__2024-10-20T20:20:46.333790+00:00'
[2024-10-20T20:20:48.831+0000] {logging_mixin.py:190} INFO - Task instance is in running state
[2024-10-20T20:20:48.831+0000] {logging_mixin.py:190} INFO -  Previous state of the Task instance: queued
[2024-10-20T20:20:48.831+0000] {logging_mixin.py:190} INFO - Current task name:run_binance_script state:running start_date:2024-10-20 20:20:48.642312+00:00
[2024-10-20T20:20:48.831+0000] {logging_mixin.py:190} INFO - Dag name:binance_data_extraction and current dag run status:running
[2024-10-20T20:20:48.832+0000] {taskinstance.py:731} INFO - ::endgroup::
[2024-10-20T20:20:50.542+0000] {logging_mixin.py:190} INFO - stdout: Precios guardados en datos/binance_prices.csv
ETHBTC: 0.03944000
LTCBTC: 0.00108200
BNBBTC: 0.00873900
NEOBTC: 0.00015720
QTUMETH: 0.00097200
EOSETH: 0.00018460
SNTETH: 0.00000958
BNTETH: 0.00019710
BCCBTC: 0.07908100
GASBTC: 0.00006490
BNBETH: 0.22160000
BTCUSDT: 68528.30000000
ETHUSDT: 2703.40000000
HSRBTC: 0.00041400
OAXETH: 0.00017780
DNTETH: 0.00002801
MCOETH: 0.00577200
ICNETH: 0.00166300
MCOBTC: 0.00021140
WTCBTC: 0.00000024
WTCETH: 0.00023700
LRCBTC: 0.00000196
LRCETH: 0.00004958
QTUMBTC: 0.00003830
YOYOBTC: 0.00000008
OMGBTC: 0.00003080
OMGETH: 0.00079100
ZRXBTC: 0.00000510
ZRXETH: 0.00009940
STRATBTC: 0.00003085
STRATETH: 0.00105300
SNGLSBTC: 0.00000013
SNGLSETH: 0.00005306
BQXBTC: 0.00008703
BQXETH: 0.00126350
KNCBTC: 0.00000685
KNCETH: 0.00039410
FUNBTC: 0.00000029
FUNETH: 0.00000146
SNMBTC: 0.00000057
SNMETH: 0.00004986
NEOETH: 0.00477500
IOTABTC: 0.00000182
IOTAETH: 0.00004580
LINKBTC: 0.00017300
LINKETH: 0.00438800
XVGBTC: 0.00000015
XVGETH: 0.00000153
SALTBTC: 0.00004250
SALTETH: 0.00113800
MDABTC: 0.00000382
MDAETH: 0.00181150
MTLBTC: 0.00001501
MTLETH: 0.00068340
SUBBTC: 0.00000457
SUBETH: 0.00012334
EOSBTC: 0.00000728
SNTBTC: 0.00000038
ETCETH: 0.00736000
ETCBTC: 0.00028930
MTHBTC: 0.00000023
MTHETH: 0.00004135
ENGBTC: 0.00006200
ENGETH: 0.00186480
DNTBTC: 0.00000186
ZECBTC: 0.00053640
ZECETH: 0.01360000
BNTBTC: 0.00000794
ASTBTC: 0.00000124
ASTETH: 0.00006960
DASHBTC: 0.00035620
DASHETH: 0.00903000
OAXBTC: 0.00000214
ICNBTC: 0.00005742
BTGBTC: 0.00091300
BTGETH: 0.05274500
EVXBTC: 0.00000274
EVXETH: 0.00062490
REQBTC: 0.00000148
REQETH: 0.00004995
VIBBTC: 0.00000103
VIBETH: 0.00003450
HSRETH: 0.01247400
TRXBTC: 0.00000229
TRXETH: 0.00005798
POWRBTC: 0.00000342
POWRETH: 0.00008700
ARKBTC: 0.00001679
ARKETH: 0.00104600
YOYOETH: 0.00005828
XRPBTC: 0.00000793
XRPETH: 0.00020080
MODBTC: 0.00004280
MODETH: 0.00116700
ENJBTC: 0.00000240
ENJETH: 0.00006100
STORJBTC: 0.00000794
STORJETH: 0.00029910
BNBUSDT: 598.90000000
VENBNB: 0.14920000
YOYOBNB: 0.00059800
POWRBNB: 0.00385000
VENBTC: 0.00013928
VENETH: 0.00325194
KMDBTC: 0.00000389
KMDETH: 0.00020970
NULSBNB: 0.01257000
RCNBTC: 0.00000074
RCNETH: 0.00037604
RCNBNB: 0.00347300
NULSBTC: 0.00000495
NULSETH: 0.00051926
RDNBTC: 0.00000447
RDNETH: 0.00071530
RDNBNB: 0.00623000
XMRBTC: 0.00228700
XMRETH: 0.04032000
DLTBNB: 0.00240000
WTCBNB: 0.00180500
DLTBTC: 0.00000071
DLTETH: 0.00016807
AMBBTC: 0.00000010
AMBETH: 0.00004100
AMBBNB: 0.00068500
BCCETH: 2.47246000
BCCUSDT: 448.70000000
BCCBNB: 54.29000000
BATBTC: 0.00000264
BATETH: 0.00010630
BATBNB: 0.00183100
BCPTBTC: 0.00000048
BCPTETH: 0.00008181
BCPTBNB: 0.00116200
ARNBTC: 0.00000761
ARNETH: 0.00029362
GVTBTC: 0.00001792
GVTETH: 0.00384600
CDTBTC: 0.00000317
CDTETH: 0.00005119
GXSBTC: 0.00004581
GXSETH: 0.00062460
NEOUSDT: 10.78000000
NEOBNB: 0.03836000
POEBTC: 0.00000005
POEETH: 0.00000664
QSPBTC: 0.00000076
QSPETH: 0.00002249
QSPBNB: 0.00052350
BTSBTC: 0.00000043
BTSETH: 0.00009498
BTSBNB: 0.00144800
XZCBTC: 0.00013550
XZCETH: 0.00310000
XZCBNB: 0.26750000
LSKBTC: 0.00001244
LSKETH: 0.00033730
LSKBNB: 0.06494000
TNTBTC: 0.00000261
TNTETH: 0.00000920
FUELBTC: 0.00000026
FUELETH: 0.00002221
MANABTC: 0.00000479
MANAETH: 0.00012170
BCDBTC: 0.00001351
BCDETH: 0.00251000
DGDBTC: 0.00393100
DGDETH: 0.19260000
IOTABNB: 0.00071700
ADXBTC: 0.00000255
ADXETH: 0.00006454
ADXBNB: 0.00492900
ADABTC: 0.00000525
ADAETH: 0.00013310
PPTBTC: 0.00001855
PPTETH: 0.00141000
CMTBTC: 0.00000028
CMTETH: 0.00000625
CMTBNB: 0.00057700
XLMBTC: 0.00000141
XLMETH: 0.00003569
XLMBNB: 0.00030360
CNDBTC: 0.00000006
CNDETH: 0.00002599
CNDBNB: 0.00033990
LENDBTC: 0.00004512
LENDETH: 0.00137174
WABIBTC: 0.00000030
WABIETH: 0.00040308
WABIBNB: 0.00024130
LTCETH: 0.02740000
LTCUSDT: 74.13000000
LTCBNB: 0.12370000
TNBBTC: 0.00000007
TNBETH: 0.00000752
WAVESBTC: 0.00001626
WAVESETH: 0.00029800
WAVESBNB: 0.00513000
GTOBTC: 0.00000077
GTOETH: 0.00003197
GTOBNB: 0.00035200
ICXBTC: 0.00000214
ICXETH: 0.00011790
ICXBNB: 0.00465400
OSTBTC: 0.00000032
OSTETH: 0.00000225
OSTBNB: 0.00052500
ELFBTC: 0.00000571
ELFETH: 0.00014470
AIONBTC: 0.00000139
AIONETH: 0.00002645
AIONBNB: 0.00261300
NEBLBTC: 0.00001200
NEBLBNB: 0.01356000
BRDBTC: 0.00000127
BRDETH: 0.00001688
BRDBNB: 0.00247000
MCOBNB: 0.26837000
EDOBTC: 0.00005609
EDOETH: 0.00226600
WINGSBTC: 0.00001193
WINGSETH: 0.00033460
NAVBTC: 0.00000277
NAVETH: 0.00011870
NAVBNB: 0.00423700
LUNBTC: 0.00008510
LUNETH: 0.00489100
TRIGBTC: 0.00001980
TRIGETH: 0.00059400
TRIGBNB: 0.01218000
APPCBTC: 0.00000055
APPCETH: 0.00014600
APPCBNB: 0.00189100
VIBEBTC: 0.00000042
VIBEETH: 0.00005720
RLCBTC: 0.00002433
RLCETH: 0.00061510
RLCBNB: 0.03344000
INSBTC: 0.00000618
INSETH: 0.00050100
PIVXBTC: 0.00000308
PIVXBNB: 0.01660000
IOSTBTC: 0.00000010
IOSTETH: 0.00000372
CHATBTC: 0.00000195
CHATETH: 0.00006585
STEEMBTC: 0.00000271
STEEMETH: 0.00006900
STEEMBNB: 0.00448000
NANOBTC: 0.00006280
NANOETH: 0.00090500
NANOBNB: 0.05589000
VIABTC: 0.00000681
VIAETH: 0.00085600
VIABNB: 0.00958000
BLZBTC: 0.00000200
BLZETH: 0.00004159
BLZBNB: 0.00062190
AEBTC: 0.00000292
AEETH: 0.00021900
AEBNB: 0.00777000
RPXBTC: 0.00000224
RPXETH: 0.00005449
RPXBNB: 0.00145700
NCASHBTC: 0.00000005
NCASHETH: 0.00000013
NCASHBNB: 0.00006790
POABTC: 0.00000041
POAETH: 0.00004891
POABNB: 0.00092100
ZILBTC: 0.00000024
ZILETH: 0.00000586
ZILBNB: 0.00008858
ONTBTC: 0.00000300
ONTETH: 0.00012530
ONTBNB: 0.00246200
STORMBTC: 0.00000035
STORMETH: 0.00001398
STORMBNB: 0.00006550
QTUMBNB: 0.09597000
QTUMUSDT: 2.62500000
XEMBTC: 0.00000192
XEMETH: 0.00003593
XEMBNB: 0.00244100
WANBTC: 0.00000273
WANETH: 0.00009270
WANBNB: 0.00181000
WPRBTC: 0.00000027
WPRETH: 0.00004020
QLCBTC: 0.00000021
QLCETH: 0.00000603
SYSBTC: 0.00000154
SYSETH: 0.00011047
SYSBNB: 0.00163500
QLCBNB: 0.00092200
GRSBTC: 0.00001649
GRSETH: 0.00076455
ADAUSDT: 0.36000000
ADABNB: 0.00060100
CLOAKBTC: 0.00015550
CLOAKETH: 0.00414200
GNTBTC: 0.00000678
GNTETH: 0.00022071
GNTBNB: 0.00243900
LOOMBTC: 0.00000075
LOOMETH: 0.00003231
LOOMBNB: 0.00088500
XRPUSDT: 0.54360000
BCNBTC: 0.00000022
BCNETH: 0.00000707
BCNBNB: 0.00002000
REPBTC: 0.00034130
REPBNB: 0.44670000
BTCTUSD: 68691.70000000
TUSDBTC: 0.00025971
ETHTUSD: 2707.39000000
TUSDETH: 0.00762097
TUSDBNB: 0.06777000
ZENBTC: 0.00012000
ZENETH: 0.00303400
ZENBNB: 0.03290000
SKYBTC: 0.00000829
SKYETH: 0.00222000
SKYBNB: 0.03022000
EOSUSDT: 0.49910000
EOSBNB: 0.00258300
CVCBTC: 0.00000566
CVCETH: 0.00009930
CVCBNB: 0.00211200
THETABTC: 0.00001956
THETAETH: 0.00049430
THETABNB: 0.00273600
XRPBNB: 0.00090730
TUSDUSDT: 0.99780000
IOTAUSDT: 0.12370000
XLMUSDT: 0.09660000
IOTXBTC: 0.00000062
IOTXETH: 0.00001581
QKCBTC: 0.00000013
QKCETH: 0.00000430
AGIBTC: 0.00000668
AGIETH: 0.00007363
AGIBNB: 0.00077200
NXSBTC: 0.00000284
NXSETH: 0.00077300
NXSBNB: 0.01087000
ENJBNB: 0.00136800
DATABTC: 0.00000055
DATAETH: 0.00002034
ONTUSDT: 0.20530000
TRXBNB: 0.00026160
TRXUSDT: 0.15660000
ETCUSDT: 19.84000000
ETCBNB: 0.03309000
ICXUSDT: 0.14650000
SCBTC: 0.00000017
SCETH: 0.00000192
NPXSBTC: 0.00000003
NPXSETH: 0.00000345
VENUSDT: 0.00010000
KEYBTC: 0.00000013
KEYETH: 0.00000227
NASBTC: 0.00000228
NASETH: 0.00004047
NASBNB: 0.02337000
MFTBTC: 0.00000008
MFTETH: 0.00000433
MFTBNB: 0.00001485
DENTBTC: 0.00000004
DENTETH: 0.00000035
ARDRBTC: 0.00000124
ARDRETH: 0.00018870
ARDRBNB: 0.00316800
NULSUSDT: 0.33940000
HOTBTC: 0.00000002
HOTETH: 0.00000062
VETBTC: 0.00000034
VETETH: 0.00000874
VETUSDT: 0.02367000
VETBNB: 0.00003940
DOCKBTC: 0.00000005
DOCKETH: 0.00003283
POLYBTC: 0.00001384
POLYBNB: 0.00145900
PHXBTC: 0.00000180
PHXETH: 0.00005617
PHXBNB: 0.00045600
HCBTC: 0.00002000
HCETH: 0.00513400
GOBTC: 0.00000043
GOBNB: 0.00069230
PAXBTC: 0.00025175
PAXBNB: 0.20121000
PAXUSDT: 0.99960000
PAXETH: 0.00888047
RVNBTC: 0.00000026
DCRBTC: 0.00018800
DCRBNB: 0.78100000
USDCBNB: 0.21755000
MITHBTC: 0.00000080
MITHBNB: 0.00004410
BCHABCBTC: 0.02933000
BCHSVBTC: 0.01117900
BCHABCUSDT: 220.08000000
BCHSVUSDT: 58.90000000
BNBPAX: 495.10000000
BTCPAX: 51529.15000000
ETHPAX: 3904.41000000
XRPPAX: 0.88960000
EOSPAX: 2.58450000
XLMPAX: 0.04221000
RENBTC: 0.00000057
RENBNB: 0.00458500
BNBTUSD: 600.10000000
XRPTUSD: 0.54430000
EOSTUSD: 4.11590000
XLMTUSD: 0.06833000
BNBUSDC: 598.60000000
BTCUSDC: 68524.55000000
ETHUSDC: 2703.03000000
XRPUSDC: 0.54330000
EOSUSDC: 0.49840000
XLMUSDC: 0.04970000
USDCUSDT: 1.00010000
ADATUSD: 0.38470000
TRXTUSD: 0.05986000
NEOTUSD: 11.81800000
TRXXRP: 0.28830000
XZCXRP: 20.79200000
PAXTUSD: 0.99950000
USDCTUSD: 1.00000000
USDCPAX: 1.00020000
LINKUSDT: 11.86000000
LINKTUSD: 14.42300000
LINKPAX: 3.98340000
LINKUSDC: 11.85000000
WAVESUSDT: 1.07600000
WAVESTUSD: 1.07200000
WAVESPAX: 0.80290000
WAVESUSDC: 1.20360000
BCHABCTUSD: 220.20000000
BCHABCPAX: 221.20000000
BCHABCUSDC: 220.30000000
BCHSVTUSD: 59.17000000
BCHSVPAX: 58.18000000
BCHSVUSDC: 57.50000000
LTCTUSD: 83.07000000
LTCPAX: 171.13000000
LTCUSDC: 74.12000000
TRXPAX: 0.07661000
TRXUSDC: 0.15670000
BTTBTC: 0.00000005
BTTBNB: 0.00000573
BTTUSDT: 0.00277700
BNBUSDS: 22.27880000
BTCUSDS: 9604.59000000
USDSUSDT: 0.99680000
USDSPAX: 1.00020000
USDSTUSD: 1.00000000
USDSUSDC: 1.00000000
BTTPAX: 0.00038660
BTTTUSD: 0.00277000
BTTUSDC: 0.00277600
ONGBNB: 0.00545000
ONGBTC: 0.00000473
ONGUSDT: 0.32490000
HOTBNB: 0.00000862
HOTUSDT: 0.00166500
ZILUSDT: 0.01585000
ZRXBNB: 0.01045000
ZRXUSDT: 0.34970000
FETBNB: 0.00241000
FETBTC: 0.00002106
FETUSDT: 1.44300000
BATUSDT: 0.18150000
XMRBNB: 0.33210000
XMRUSDT: 118.70000000
ZECBNB: 0.10260000
ZECUSDT: 36.71000000
ZECPAX: 42.10000000
ZECTUSD: 51.48000000
ZECUSDC: 55.80000000
IOSTUSDT: 0.00528000
CELRBNB: 0.00005294
CELRBTC: 0.00000020
CELRUSDT: 0.01375000
ADAPAX: 0.03257000
ADAUSDC: 0.36010000
NEOPAX: 11.12200000
NEOUSDC: 10.79000000
DASHBNB: 0.11830000
DASHUSDT: 24.39000000
NANOUSDT: 2.22400000
OMGBNB: 0.03938000
OMGUSDT: 0.38300000
THETAUSDT: 1.34100000
ENJUSDT: 0.16490000
MITHUSDT: 0.00345000
MATICBNB: 0.00073400
MATICBTC: 0.00000667
MATICUSDT: 0.37940000
ATOMBNB: 0.00739000
ATOMBTC: 0.00006740
ATOMUSDT: 4.61800000
ATOMUSDC: 4.61800000
ATOMPAX: 3.17800000
ATOMTUSD: 2.59800000
ETCUSDC: 4.71000000
ETCPAX: 4.83800000
ETCTUSD: 3.79500000
BATUSDC: 0.63130000
BATPAX: 0.25560000
BATTUSD: 0.22220000
PHBBNB: 0.00013700
PHBBTC: 0.00002871
PHBUSDC: 0.00587000
PHBTUSD: 0.22900000
PHBPAX: 0.00639000
TFUELBNB: 0.00012590
TFUELBTC: 0.00000091
TFUELUSDT: 0.06279000
TFUELUSDC: 0.00356500
TFUELTUSD: 0.00307700
TFUELPAX: 0.00348700
ONEBNB: 0.00004537
ONEBTC: 0.00000021
ONEUSDT: 0.01475000
ONETUSD: 0.00472000
ONEPAX: 0.00496000
ONEUSDC: 0.00520000
FTMBNB: 0.00123800
FTMBTC: 0.00001082
FTMUSDT: 0.74140000
FTMTUSD: 0.01095000
FTMPAX: 0.01028000
FTMUSDC: 0.74120000
BTCBBTC: 1.00000000
BCPTTUSD: 0.02606000
BCPTPAX: 0.02761000
BCPTUSDC: 0.02728000
ALGOBNB: 0.00058250
ALGOBTC: 0.00000188
ALGOUSDT: 0.12870000
ALGOTUSD: 1.01700000
ALGOPAX: 0.20390000
ALGOUSDC: 0.12860000
USDSBUSDT: 0.99970000
USDSBUSDS: 0.99990000
GTOUSDT: 0.01233000
GTOPAX: 0.01361000
GTOTUSD: 0.01236000
GTOUSDC: 0.01196000
ERDBNB: 0.00083273
ERDBTC: 0.00000168
ERDUSDT: 0.01971000
ERDPAX: 0.00125270
ERDUSDC: 0.00135730
DOGEBNB: 0.00015270
DOGEBTC: 0.00000205
DOGEUSDT: 0.14060000
DOGEPAX: 0.00216820
DOGEUSDC: 0.14050000
DUSKBNB: 0.00118000
DUSKBTC: 0.00000297
DUSKUSDT: 0.20390000
DUSKUSDC: 0.01790000
DUSKPAX: 0.01890000
BGBPUSDC: 1.39000000
ANKRBNB: 0.00008560
ANKRBTC: 0.00000042
ANKRUSDT: 0.02831000
ANKRTUSD: 0.00212800
ANKRPAX: 0.00209300
ANKRUSDC: 0.00209700
ONTPAX: 0.84510000
ONTUSDC: 0.20490000
WINBNB: 0.00000014
WINBTC: 0.00000001
WINUSDT: 0.00008940
WINUSDC: 0.00009730
COSBNB: 0.00002678
COSBTC: 0.00000011
COSUSDT: 0.00743900
TUSDBTUSD: 0.99750000
NPXSUSDT: 0.00703010
NPXSUSDC: 0.00017020
COCOSBNB: 0.00559000
COCOSBTC: 0.00000003
COCOSUSDT: 1.75460000
MTLUSDT: 1.03000000
TOMOBNB: 0.03255000
TOMOBTC: 0.00003699
TOMOUSDT: 1.38190000
TOMOUSDC: 0.36700000
PERLBNB: 0.00007180
PERLBTC: 0.00000113
PERLUSDC: 0.02447000
PERLUSDT: 0.00460000
DENTUSDT: 0.00094500
MFTUSDT: 0.00525400
KEYUSDT: 0.00401100
STORMUSDT: 0.00339700
DOCKUSDT: 0.00390000
WANUSDT: 0.18670000
FUNUSDT: 0.00343400
CVCUSDT: 0.13790000
BTTTRX: 0.03945000
WINTRX: 0.00057200
CHZBNB: 0.00012310
CHZBTC: 0.00000107
CHZUSDT: 0.07360000
BANDBNB: 0.02248000
BANDBTC: 0.00001779
BANDUSDT: 1.21600000
BNBBUSD: 251.80000000
BTCBUSD: 42769.40000000
BUSDUSDT: 1.00030000
BEAMBNB: 0.02177000
BEAMBTC: 0.00000716
BEAMUSDT: 0.06520000
XTZBNB: 0.00288300
XTZBTC: 0.00001022
XTZUSDT: 0.70000000
RENUSDT: 0.03891000
RVNUSDT: 0.01806000
HCUSDT: 0.84230000
HBARBNB: 0.00009190
HBARBTC: 0.00000080
HBARUSDT: 0.05490000
NKNBNB: 0.00074700
NKNBTC: 0.00000112
NKNUSDT: 0.07650000
XRPBUSD: 0.63450000
ETHBUSD: 2281.12000000
BCHABCBUSD: 220.16000000
LTCBUSD: 72.37000000
LINKBUSD: 14.07100000
ETCBUSD: 19.03000000
STXBNB: 0.00319300
STXBTC: 0.00002787
STXUSDT: 1.90900000
KAVABNB: 0.00276000
KAVABTC: 0.00000553
KAVAUSDT: 0.37930000
BUSDNGN: 462.64000000
BNBNGN: 43608.00000000
BTCNGN: 99822596.00000000
ARPABNB: 0.00015470
ARPABTC: 0.00000077
ARPAUSDT: 0.05376000
TRXBUSD: 0.10329000
EOSBUSD: 0.63400000
IOTXUSDT: 0.04275000
RLCUSDT: 1.66700000
MCOUSDT: 2.74400000
XLMBUSD: 0.11970000
ADABUSD: 0.63740000
CTXCBNB: 0.00412200
CTXCBTC: 0.00000322
CTXCUSDT: 0.22070000
BCHBNB: 0.60900000
BCHBTC: 0.00531900
BCHUSDT: 364.80000000
BCHUSDC: 364.60000000
BCHTUSD: 322.00000000
BCHPAX: 617.72000000
BCHBUSD: 236.00000000
BTCRUB: 3900027.00000000
ETHRUB: 181477.60000000
XRPRUB: 56.31000000
BNBRUB: 22422.22000000
TROYBNB: 0.00001060
TROYBTC: 0.00000018
TROYUSDT: 0.00149200
BUSDRUB: 90.39000000
QTUMBUSD: 2.53700000
VETBUSD: 0.02120000
VITEBNB: 0.00070700
VITEBTC: 0.00000019
VITEUSDT: 0.01245000
FTTBNB: 0.00513000
FTTBTC: 0.00008560
FTTUSDT: 2.05330000
BTCTRY: 2351591.00000000
BNBTRY: 20545.00000000
BUSDTRY: 29.33000000
ETHTRY: 92696.00000000
XRPTRY: 18.65000000
USDTTRY: 34.31000000
USDTRUB: 91.10000000
BTCEUR: 62850.07000000
ETHEUR: 2478.79000000
BNBEUR: 549.20000000
XRPEUR: 0.49840000
EURBUSD: 1.07570000
EURUSDT: 1.09020000
OGNBNB: 0.00038300
OGNBTC: 0.00000135
OGNUSDT: 0.09220000
DREPBNB: 0.00009380
DREPBTC: 0.00000039
DREPUSDT: 0.02560000
BULLUSDT: 1370.28000000
BULLBUSD: 1368.56000000
BEARUSDT: 11.16000000
BEARBUSD: 11.14000000
ETHBULLUSDT: 79.18000000
ETHBULLBUSD: 78.46000000
ETHBEARUSDT: 12.20000000
ETHBEARBUSD: 12.24000000
TCTBNB: 0.00041860
TCTBTC: 0.00000016
TCTUSDT: 0.00312000
WRXBNB: 0.00039800
WRXBTC: 0.00000455
WRXUSDT: 0.12460000
ICXBUSD: 0.16420000
BTSUSDT: 0.00540000
BTSBUSD: 0.01930000
LSKUSDT: 0.85400000
BNTUSDT: 0.53270000
BNTBUSD: 0.35990000
LTOBNB: 0.00248000
LTOBTC: 0.00000181
LTOUSDT: 0.12330000
ATOMBUSD: 11.21900000
DASHBUSD: 25.83000000
NEOBUSD: 6.73000000
WAVESBUSD: 2.21600000
XTZBUSD: 0.67100000
EOSBULLUSDT: 3.85000000
EOSBULLBUSD: 3.90000000
EOSBEARUSDT: 30.21000000
EOSBEARBUSD: 29.81000000
XRPBULLUSDT: 8.74000000
XRPBULLBUSD: 8.78000000
XRPBEARUSDT: 548.55000000
XRPBEARBUSD: 547.33000000
BATBUSD: 0.17090000
ENJBUSD: 0.26070000
NANOBUSD: 2.22500000
ONTBUSD: 0.15740000
RVNBUSD: 0.01525000
STRATBUSD: 0.49150000
STRATBNB: 0.01900000
STRATUSDT: 0.49040000
AIONBUSD: 0.07210000
AIONUSDT: 0.00943000
MBLBNB: 0.00001202
MBLBTC: 0.00000005
MBLUSDT: 0.00282400
COTIBNB: 0.00021230
COTIBTC: 0.00000152
COTIUSDT: 0.10453000
ALGOBUSD: 0.20710000
BTTBUSD: 0.00277800
TOMOBUSD: 1.78070000
XMRBUSD: 170.20000000
ZECBUSD: 25.50000000
BNBBULLUSDT: 57.21000000
BNBBULLBUSD: 58.37000000
BNBBEARUSDT: 58.61000000
BNBBEARBUSD: 57.21000000
STPTBNB: 0.00067000
STPTBTC: 0.00000066
STPTUSDT: 0.04496000
BTCZAR: 1228625.00000000
ETHZAR: 48410.00000000
BNBZAR: 5000.00000000
USDTZAR: 17.93000000
BUSDZAR: 18.85000000
BTCBKRW: 42029197.00000000
ETHBKRW: 1277799.00000000
BNBBKRW: 44687.00000000
WTCUSDT: 0.01030000
DATABUSD: 0.02344000
DATAUSDT: 0.03813000
XZCUSDT: 4.44600000
SOLBNB: 0.26800000
SOLBTC: 0.00234250
SOLUSDT: 160.55000000
SOLBUSD: 74.62000000
BTCIDRT: 693891182.00
BNBIDRT: 4286985.00
USDTIDRT: 15507.00
BUSDIDRT: 14389.00
CTSIBTC: 0.00000198
CTSIUSDT: 0.13600000
CTSIBNB: 0.00079830
CTSIBUSD: 0.16420000
HIVEBNB: 0.00429000
HIVEBTC: 0.00000302
HIVEUSDT: 0.20710000
CHRBNB: 0.00043770
CHRBTC: 0.00000281
CHRUSDT: 0.19290000
BTCUPUSDT: 16.60000000
BTCDOWNUSDT: 0.00118500
GXSUSDT: 1.79230000
ARDRUSDT: 0.08513000
ERDBUSD: 0.01966100
LENDUSDT: 0.51431000
HBARBUSD: 0.06020000
MATICBUSD: 0.86590000
WRXBUSD: 0.11050000
ZILBUSD: 0.01583000
MDTBNB: 0.00073720
MDTBTC: 0.00000066
MDTUSDT: 0.04527000
STMXBTC: 0.00000016
STMXETH: 0.00000292
STMXUSDT: 0.00579600
KNCBUSD: 0.63700000
KNCUSDT: 0.46970000
REPBUSD: 13.67300000
REPUSDT: 4.73000000
LRCBUSD: 0.17280000
LRCUSDT: 0.13430000
IQBNB: 0.00002243
IQBUSD: 0.00502000
PNTBTC: 0.00000864
PNTUSDT: 0.03500000
BTCGBP: 35986.75000000
ETHGBP: 1974.32000000
XRPGBP: 0.52570000
BNBGBP: 267.40000000
GBPBUSD: 1.23900000
DGBBTC: 0.00000010
DGBBUSD: 0.00632000
BTCUAH: 2998556.00000000
USDTUAH: 43.78000000
COMPBTC: 0.00067700
COMPBNB: 5.71900000
COMPBUSD: 45.79000000
COMPUSDT: 46.36000000
BTCBIDR: 1042508253.00
ETHBIDR: 47041943.00
BNBBIDR: 3335250.00
BUSDBIDR: 15559.00
USDTBIDR: 15980.00
BKRWUSDT: 0.00084530
BKRWBUSD: 0.00084550
SCUSDT: 0.00516500
ZENUSDT: 8.21000000
SXPBTC: 0.00000384
SXPBNB: 0.00044000
SXPBUSD: 0.37210000
SNXBTC: 0.00002325
SNXBNB: 0.01057000
SNXBUSD: 1.93600000
SNXUSDT: 1.59300000
ETHUPUSDT: 11.65100000
ETHDOWNUSDT: 0.04570000
ADAUPUSDT: 0.10400000
ADADOWNUSDT: 0.00191700
LINKUPUSDT: 0.00608000
LINKDOWNUSDT: 0.00089500
VTHOBNB: 0.00000673
VTHOBUSD: 0.00071800
VTHOUSDT: 0.00185900
DCRBUSD: 16.03500000
DGBUSDT: 0.00698000
GBPUSDT: 1.18000000
STORJBUSD: 0.23710000
SXPUSDT: 0.26280000
IRISBNB: 0.00166200
IRISBTC: 0.00000023
IRISBUSD: 0.06080000
MKRBNB: 6.90300000
MKRBTC: 0.01786000
MKRUSDT: 1226.00000000
MKRBUSD: 1293.00000000
DAIBNB: 0.04876000
DAIBTC: 0.00008966
DAIUSDT: 1.01890000
DAIBUSD: 1.01810000
RUNEBNB: 0.00827700
RUNEBTC: 0.00007245
RUNEBUSD: 5.46200000
MANABUSD: 0.43880000
DOGEBUSD: 0.09742000
LENDBUSD: 0.51530000
ZRXBUSD: 0.16890000
DCRUSDT: 12.94000000
STORJUSDT: 0.54530000
XRPBKRW: 319.76000000
ADABKRW: 327.55000000
BTCAUD: 37210.08000000
ETHAUD: 2565.09000000
AUDBUSD: 0.72550000
FIOBNB: 0.00017080
FIOBTC: 0.00000046
FIOBUSD: 0.01922000
BNBUPUSDT: 61.80000000
BNBDOWNUSDT: 0.00215100
XTZUPUSDT: 0.00255100
XTZDOWNUSDT: 2.60010000
AVABNB: 0.00218800
AVABTC: 0.00000759
AVABUSD: 0.47000000
USDTBKRW: 1125.00000000
BUSDBKRW: 1097.18000000
IOTABUSD: 0.14310000
MANAUSDT: 0.32840000
XRPAUD: 0.70000000
BNBAUD: 421.10000000
AUDUSDT: 0.72520000
BALBNB: 0.42580000
BALBTC: 0.00003122
BALBUSD: 3.15000000
YFIBNB: 82.19000000
YFIBTC: 0.07540000
YFIBUSD: 5325.00000000
YFIUSDT: 5170.00000000
BLZBUSD: 0.05530000
KMDBUSD: 0.46760000
BALUSDT: 2.13500000
BLZUSDT: 0.13630000
IRISUSDT: 0.01555000
KMDUSDT: 0.26690000
BTCDAI: 68492.97000000
ETHDAI: 2700.26000000
BNBDAI: 561.90000000
USDTDAI: 1.00000000
BUSDDAI: 1.00000000
JSTBNB: 0.00021850
JSTBTC: 0.00000044
JSTBUSD: 0.02103000
JSTUSDT: 0.02987000
SRMBNB: 0.00084000
SRMBTC: 0.00001523
SRMBUSD: 0.03530000
SRMUSDT: 0.24442000
ANTBNB: 0.01764000
ANTBTC: 0.00014320
ANTBUSD: 4.30300000
ANTUSDT: 7.40700000
CRVBNB: 0.00687000
CRVBTC: 0.00000398
CRVBUSD: 0.50410000
CRVUSDT: 0.27250000
SANDBNB: 0.00066800
SANDBTC: 0.00000415
SANDUSDT: 0.28500000
SANDBUSD: 0.32610000
OCEANBNB: 0.00104400
OCEANBTC: 0.00000964
OCEANBUSD: 0.28480000
OCEANUSDT: 0.61230000
NMRBTC: 0.00023790
NMRBUSD: 11.43000000
NMRUSDT: 16.24000000
DOTBNB: 0.00758000
DOTBTC: 0.00006630
DOTBUSD: 7.37300000
DOTUSDT: 4.54800000
LUNABNB: 0.00000019
LUNABTC: 0.00000001
LUNABUSD: 0.94420000
LUNAUSDT: 0.38060000
IDEXBTC: 0.00000056
IDEXBUSD: 0.04879000
RSRBNB: 0.00000852
RSRBTC: 0.00000016
RSRBUSD: 0.00184000
RSRUSDT: 0.00724600
PAXGBNB: 6.46900000
PAXGBTC: 0.04009000
PAXGBUSD: 1941.00000000
PAXGUSDT: 2745.00000000
WNXMBNB: 0.17350000
WNXMBTC: 0.00067200
WNXMBUSD: 22.16500000
WNXMUSDT: 73.26000000
TRBBNB: 0.51700000
TRBBTC: 0.00098600
TRBBUSD: 90.12000000
TRBUSDT: 67.57000000
ETHNGN: 805670.00000000
DOTBIDR: 72297.00
LINKAUD: 7.98600000
SXPAUD: 1.86800000
BZRXBNB: 0.00514000
BZRXBTC: 0.00000463
BZRXBUSD: 0.21640000
BZRXUSDT: 0.21560000
WBTCBTC: 0.99890000
WBTCETH: 25.36000000
SUSHIBNB: 0.00269800
SUSHIBTC: 0.00001178
SUSHIBUSD: 0.56600000
SUSHIUSDT: 0.80800000
YFIIBNB: 4.42000000
YFIIBTC: 0.07249000
YFIIBUSD: 1192.00000000
YFIIUSDT: 435.50000000
KSMBNB: 0.09080000
KSMBTC: 0.00028510
KSMBUSD: 18.87000000
KSMUSDT: 19.50000000
EGLDBNB: 0.04620000
EGLDBTC: 0.00040500
EGLDBUSD: 41.53000000
EGLDUSDT: 27.82000000
DIABNB: 0.00381300
DIABTC: 0.00001711
DIABUSD: 0.23840000
DIAUSDT: 1.17200000
RUNEUSDT: 4.96600000
FIOUSDT: 0.03159000
UMABTC: 0.00004103
UMAUSDT: 2.81100000
EOSUPUSDT: 0.21130000
EOSDOWNUSDT: 0.00036650
TRXUPUSDT: 0.03854000
TRXDOWNUSDT: 1.13900000
XRPUPUSDT: 0.08550000
XRPDOWNUSDT: 0.00008172
DOTUPUSDT: 0.09600000
DOTDOWNUSDT: 16.73700000
SRMBIDR: 26748.00
ONEBIDR: 119.92
LINKTRY: 407.00000000
USDTNGN: 1518.40000000
BELBNB: 0.00253800
BELBTC: 0.00000839
BELBUSD: 0.53560000
BELUSDT: 0.57820000
WINGBNB: 0.04865000
WINGBTC: 0.00010930
SWRVBNB: 0.00150400
SWRVBUSD: 0.56490000
WINGBUSD: 5.79000000
WINGUSDT: 5.09300000
LTCUPUSDT: 0.48010000
LTCDOWNUSDT: 2.22790000
LENDBKRW: 579.46000000
SXPEUR: 0.26540000
CREAMBNB: 0.07230000
CREAMBUSD: 19.86000000
UNIBNB: 0.01464000
UNIBTC: 0.00011190
UNIBUSD: 4.58000000
UNIUSDT: 7.66300000
NBSBTC: 0.00000031
NBSUSDT: 0.00166000
OXTBTC: 0.00000108
OXTUSDT: 0.07400000
SUNBTC: 0.00071100
SUNUSDT: 0.01886000
AVAXBNB: 0.04717000
AVAXBTC: 0.00041280
AVAXBUSD: 38.99000000
AVAXUSDT: 28.30000000
HNTBTC: 0.00023570
HNTUSDT: 4.67000000
BAKEBNB: 0.00060280
BURGERBNB: 0.00153600
SXPBIDR: 19956.00
LINKBKRW: 16948.99000000
FLMBNB: 0.00333000
FLMBTC: 0.00000085
FLMBUSD: 0.23210000
FLMUSDT: 0.05820000
SCRTBTC: 0.00000315
SCRTETH: 0.00016400
CAKEBNB: 0.00324100
CAKEBUSD: 1.54000000
SPARTABNB: 0.00006570
UNIUPUSDT: 1.05500000
UNIDOWNUSDT: 2.17200000
ORNBTC: 0.00001586
ORNUSDT: 1.05300000
TRXNGN: 20.71000000
SXPTRY: 9.01700000
UTKBTC: 0.00000055
UTKUSDT: 0.03776000
XVSBNB: 0.01241000
XVSBTC: 0.00010840
XVSBUSD: 7.03000000
XVSUSDT: 7.42000000
ALPHABNB: 0.00029900
ALPHABTC: 0.00000093
ALPHABUSD: 0.07710000
ALPHAUSDT: 0.06350000
VIDTBTC: 0.00000044
VIDTBUSD: 0.02305000
AAVEBNB: 0.15170000
BTCBRL: 393391.00000000
USDTBRL: 5.74000000
AAVEBTC: 0.00230500
AAVEETH: 0.05847000
AAVEBUSD: 93.00000000
AAVEUSDT: 158.02000000
AAVEBKRW: 164167.00000000
NEARBNB: 0.00818200
NEARBTC: 0.00007145
NEARBUSD: 2.24900000
NEARUSDT: 4.90000000
SXPUPUSDT: 0.17426000
SXPDOWNUSDT: 0.08950000
DOTBKRW: 13514.98000000
SXPGBP: 0.40800000
FILBNB: 0.00656000
FILBTC: 0.00005740
FILBUSD: 4.55400000
FILUSDT: 3.93700000
FILUPUSDT: 0.15150000
FILDOWNUSDT: 0.00076660
YFIUPUSDT: 0.11690000
YFIDOWNUSDT: 0.90090000
INJBNB: 0.03671000
INJBTC: 0.00032180
INJBUSD: 25.46400000
INJUSDT: 22.08000000
AERGOBTC: 0.00000257
AERGOBUSD: 0.10030000
LINKEUR: 10.88000000
ONEBUSD: 0.01505000
EASYETH: 0.00623000
AUDIOBTC: 0.00000191
AUDIOBUSD: 0.15270000
AUDIOUSDT: 0.13090000
CTKBNB: 0.00096100
CTKBTC: 0.00000834
CTKBUSD: 0.53400000
CTKUSDT: 0.57230000
BCHUPUSDT: 0.07240000
BCHDOWNUSDT: 0.22470000
BOTBTC: 0.04906000
BOTBUSD: 2783.23000000
ETHBRL: 15508.60000000
DOTEUR: 4.16700000
AKROBTC: 0.00000013
AKROUSDT: 0.00428000
KP3RBNB: 0.20250000
KP3RBUSD: 45.39000000
AXSBNB: 0.00863000
AXSBTC: 0.00007540
AXSBUSD: 5.88000000
AXSUSDT: 5.16800000
HARDBNB: 0.00059200
HARDBTC: 0.00000318
HARDBUSD: 0.10910000
HARDUSDT: 0.10840000
BNBBRL: 3438.00000000
LTCEUR: 67.88000000
RENBTCBTC: 0.99310000
RENBTCETH: 16.29900000
DNTBUSD: 0.03600000
DNTUSDT: 0.03600000
SLPETH: 0.00000099
ADAEUR: 0.33020000
LTCNGN: 78132.00000000
CVPETH: 0.00032000
CVPBUSD: 0.34300000
STRAXBTC: 0.00000075
STRAXETH: 0.00031880
STRAXBUSD: 0.47100000
STRAXUSDT: 0.05126000
FORBTC: 0.00000006
FORBUSD: 0.01703000
UNFIBNB: 0.02654000
UNFIBTC: 0.00004310
UNFIBUSD: 7.81500000
UNFIUSDT: 2.95300000
FRONTETH: 0.00033040
FRONTBUSD: 0.33220000
BCHABUSD: 43.64100000
ROSEBTC: 0.00000108
ROSEBUSD: 0.06826000
ROSEUSDT: 0.07408000
AVAXTRY: 970.60000000
BUSDBRL: 4.99100000
AVAUSDT: 0.52010000
SYSBUSD: 0.08180000
XEMUSDT: 0.01596000
HEGICETH: 0.00001647
HEGICBUSD: 0.02120000
AAVEUPUSDT: 0.60080000
AAVEDOWNUSDT: 0.00467300
PROMBNB: 0.01443000
PROMBUSD: 4.42400000
XRPBRL: 3.12000000
XRPNGN: 214.17000000
SKLBTC: 0.00000064
SKLBUSD: 0.02150000
SKLUSDT: 0.04373000
BCHEUR: 333.90000000
YFIEUR: 4835.00000000
ZILBIDR: 253.40
SUSDBTC: 0.00002065
SUSDETH: 0.00052700
SUSDUSDT: 0.99600000
COVERETH: 0.06373000
COVERBUSD: 193.60000000
GLMBTC: 0.00000513
GLMETH: 0.00015020
GHSTETH: 0.00081750
GHSTBUSD: 0.95700000
SUSHIUPUSDT: 0.00471400
SUSHIDOWNUSDT: 37.37000000
XLMUPUSDT: 0.02430000
XLMDOWNUSDT: 4.30400000
LINKBRL: 67.89000000
LINKNGN: 11772.00000000
LTCRUB: 6383.10000000
TRXTRY: 5.37600000
XLMEUR: 0.08840000
DFETH: 0.00007020
DFBUSD: 0.03600000
GRTBTC: 0.00000255
GRTETH: 0.00006474
GRTUSDT: 0.17490000
JUVBTC: 0.00013770
JUVBUSD: 2.06500000
JUVUSDT: 1.74900000
PSGBTC: 0.00006930
PSGBUSD: 3.01900000
PSGUSDT: 3.26700000
BUSDBVND: 23720.00
USDTBVND: 23710.00
1INCHBTC: 0.00000420
1INCHUSDT: 0.28850000
REEFBTC: 0.00000014
REEFUSDT: 0.00068800
OGBTC: 0.00009950
OGUSDT: 6.79400000
ATMBTC: 0.00009440
ATMUSDT: 2.06700000
ASRBTC: 0.00013390
ASRUSDT: 2.17500000
CELOBTC: 0.00001209
CELOUSDT: 0.82880000
RIFBTC: 0.00000144
RIFUSDT: 0.09850000
CHZTRY: 2.52600000
XLMTRY: 3.30900000
LINKGBP: 13.17300000
GRTEUR: 0.16040000
BTCSTBTC: 0.00033100
BTCSTBUSD: 1.16000000
BTCSTUSDT: 5.35000000
TRUBTC: 0.00000129
TRUBUSD: 0.53570000
TRUUSDT: 0.08800000
DEXEETH: 0.00137800
DEXEBUSD: 2.10000000
EOSEUR: 0.76200000
LTCBRL: 425.50000000
USDCBUSD: 0.99990000
TUSDBUSD: 0.99660000
PAXBUSD: 1.00000000
CKBBTC: 0.00000015
CKBBUSD: 0.00265000
CKBUSDT: 0.01519000
TWTBTC: 0.00001599
TWTBUSD: 0.79240000
TWTUSDT: 1.09670000
FIROBTC: 0.00002005
FIROETH: 0.00133300
FIROUSDT: 1.28000000
BETHETH: 0.99960000
DOGEEUR: 0.12882000
DOGETRY: 4.81700000
DOGEAUD: 0.09449000
DOGEBRL: 0.80680000
DOTNGN: 10716.00000000
PROSETH: 0.00021600
LITBTC: 0.00001000
LITBUSD: 0.81200000
LITUSDT: 0.68800000
BTCVAI: 56876.40000000
BUSDVAI: 1.01500000
SFPBTC: 0.00001087
SFPBUSD: 0.59920000
SFPUSDT: 0.74630000
DOGEGBP: 0.07759000
DOTTRY: 155.80000000
FXSBTC: 0.00003034
FXSBUSD: 6.96400000
DODOBTC: 0.00000190
DODOBUSD: 0.12330000
DODOUSDT: 0.13030000
FRONTBTC: 0.00001405
EASYBTC: 0.00029250
CAKEBTC: 0.00002845
CAKEUSDT: 1.95000000
BAKEBUSD: 0.14260000
UFTETH: 0.00016940
UFTBUSD: 0.20610000
1INCHBUSD: 0.25190000
BANDBUSD: 1.53900000
GRTBUSD: 0.10520000
IOSTBUSD: 0.00700000
OMGBUSD: 0.46600000
REEFBUSD: 0.00139400
ACMBTC: 0.00009050
ACMBUSD: 2.07300000
ACMUSDT: 1.57000000
AUCTIONBTC: 0.00020080
AUCTIONBUSD: 8.04000000
PHABTC: 0.00000174
PHABUSD: 0.10340000
DOTGBP: 3.01500000
ADATRY: 12.36000000
ADABRL: 2.06400000
ADAGBP: 0.51300000
TVKBTC: 0.00000145
TVKBUSD: 0.02043000
BADGERBTC: 0.00004396
BADGERBUSD: 2.07900000
BADGERUSDT: 3.00700000
FISBTC: 0.00000490
FISBUSD: 0.24380000
FISUSDT: 0.33380000
DOTBRL: 26.08000000
ADAAUD: 0.50540000
HOTTRY: 0.05710000
EGLDEUR: 25.47000000
OMBTC: 0.00002180
OMBUSD: 0.01891000
OMUSDT: 1.49490000
PONDBTC: 0.00000017
PONDBUSD: 0.00936000
PONDUSDT: 0.01204000
DEGOBTC: 0.00003540
DEGOBUSD: 1.34700000
DEGOUSDT: 2.40900000
AVAXEUR: 25.94000000
BTTTRY: 0.03783000
CHZBRL: 0.30210000
UNIEUR: 4.85600000
ALICEBTC: 0.00001824
ALICEBUSD: 0.72600000
ALICEUSDT: 1.25100000
CHZBUSD: 0.07460000
CHZEUR: 0.05300000
CHZGBP: 0.05720000
BIFIBNB: 2.77700000
BIFIBUSD: 359.60000000
LINABTC: 0.00000008
LINABUSD: 0.01013100
LINAUSDT: 0.00423500
ADARUB: 34.49000000
ENJBRL: 1.32800000
ENJEUR: 0.19460000
MATICEUR: 0.34440000
NEOTRY: 369.50000000
PERPBTC: 0.00000958
PERPBUSD: 0.54698000
PERPUSDT: 0.66020000
RAMPBTC: 0.00000273
RAMPBUSD: 0.05210000
RAMPUSDT: 0.05240000
SUPERBTC: 0.00001911
SUPERBUSD: 0.07270000
SUPERUSDT: 1.30740000
CFXBTC: 0.00000240
CFXBUSD: 0.15400000
CFXUSDT: 0.16500000
ENJGBP: 0.36760000
EOSTRY: 17.11000000
LTCGBP: 63.56000000
LUNAEUR: 0.00006000
RVNTRY: 0.62000000
THETAEUR: 0.61400000
XVGBUSD: 0.00365100
EPSBTC: 0.00000499
EPSBUSD: 0.16790000
EPSUSDT: 0.16790000
AUTOBTC: 0.00324000
AUTOBUSD: 95.10000000
AUTOUSDT: 95.30000000
TKOBTC: 0.00000523
TKOBIDR: 3360.00
TKOBUSD: 0.20820000
TKOUSDT: 0.35770000
PUNDIXETH: 0.00016660
PUNDIXUSDT: 0.42570000
BTTBRL: 0.01553000
BTTEUR: 0.00243600
HOTEUR: 0.00178900
WINEUR: 0.00008220
TLMBTC: 0.00000017
TLMBUSD: 0.00941000
TLMUSDT: 0.01141000
1INCHUPUSDT: 0.06570300
1INCHDOWNUSDT: 0.00614800
BTGBUSD: 17.62000000
BTGUSDT: 17.65000000
HOTBUSD: 0.00105800
BNBUAH: 26161.00000000
ONTTRY: 7.04100000
VETEUR: 0.02168000
VETGBP: 0.01430000
WINBRL: 0.00065760
MIRBTC: 0.00000838
MIRBUSD: 0.13237000
MIRUSDT: 0.14168000
BARBTC: 0.00014100
BARBUSD: 2.53300000
BARUSDT: 1.89500000
FORTHBTC: 0.00004584
FORTHBUSD: 3.02700000
FORTHUSDT: 3.13700000
CAKEGBP: 2.71400000
DOGERUB: 6.94000000
HOTBRL: 0.03750000
WRXEUR: 0.57460000
EZBTC: 0.00001351
EZETH: 0.00017500
BAKEUSDT: 0.28770000
BURGERBUSD: 0.32080000
BURGERUSDT: 0.43470000
SLPBUSD: 0.00148700
SLPUSDT: 0.00268500
TRXAUD: 0.09810000
TRXEUR: 0.14370000
VETTRY: 0.81110000
SHIBUSDT: 0.00001882
SHIBBUSD: 0.00000931
ICPBTC: 0.00012030
ICPBNB: 0.01680000
ICPBUSD: 3.89700000
ICPUSDT: 8.23400000
SHIBEUR: 0.00001724
SHIBRUB: 0.00057730
ETCEUR: 20.00000000
ETCBRL: 202.40000000
DOGEBIDR: 955.00
ARBTC: 0.00027940
ARBNB: 0.02183000
ARBUSD: 3.85200000
ARUSDT: 19.16000000
POLSBTC: 0.00001859
POLSBNB: 0.00265000
POLSBUSD: 0.25670000
POLSUSDT: 0.30790000
MDXBTC: 0.00000077
MDXBNB: 0.00061900
MDXBUSD: 0.06440000
MDXUSDT: 0.03450000
MASKBNB: 0.00392000
MASKBUSD: 3.58700000
MASKUSDT: 2.34600000
LPTBTC: 0.00019000
LPTBNB: 0.02181000
LPTBUSD: 6.16000000
LPTUSDT: 13.01400000
ETHUAH: 118101.00000000
MATICBRL: 2.12500000
SOLEUR: 147.29000000
SHIBBRL: 0.00010797
AGIXBTC: 0.00000969
ICPEUR: 7.54900000
MATICGBP: 0.81900000
SHIBTRY: 0.00064550
MATICBIDR: 8382.00
MATICRUB: 76.47000000
NUBTC: 0.00001240
NUBNB: 0.00126770
NUBUSD: 0.54530000
NUUSDT: 0.54360000
XVGUSDT: 0.00413400
RLCBUSD: 1.78300000
CELRBUSD: 0.01148000
ATMBUSD: 2.42000000
ZENBUSD: 7.19000000
FTMBUSD: 0.42180000
THETABUSD: 0.61600000
WINBUSD: 0.00006940
KAVABUSD: 0.62400000
XEMBUSD: 0.09630000
ATABTC: 0.00000131
ATABNB: 0.00036900
ATABUSD: 0.07920000
ATAUSDT: 0.09030000
GTCBTC: 0.00001078
GTCBNB: 0.01860000
GTCBUSD: 0.95200000
GTCUSDT: 0.74000000
TORNBTC: 0.00023980
TORNBNB: 0.09058000
TORNBUSD: 1.69000000
TORNUSDT: 4.06000000
MATICTRY: 12.92000000
ETCGBP: 26.54000000
SOLGBP: 88.08000000
BAKEBTC: 0.00000420
COTIBUSD: 0.03732000
KEEPBTC: 0.00001432
KEEPBNB: 0.00145070
KEEPBUSD: 0.62600000
KEEPUSDT: 0.62510000
SOLTRY: 5508.70000000
RUNEGBP: 1.27800000
SOLBRL: 921.30000000
SCBUSD: 0.00366400
CHRBUSD: 0.10850000
STMXBUSD: 0.00585100
HNTBUSD: 1.22800000
FTTBUSD: 1.13000000
DOCKBUSD: 0.01527000
ADABIDR: 3965.00
ERNBNB: 0.00669000
ERNBUSD: 1.47100000
ERNUSDT: 2.27900000
KLAYBTC: 0.00000188
KLAYBNB: 0.00061800
KLAYBUSD: 0.13540000
KLAYUSDT: 0.12890000
RUNEEUR: 3.76200000
MATICAUD: 1.21410000
DOTRUB: 493.50000000
UTKBUSD: 0.05610000
IOTXBUSD: 0.02148000
PHAUSDT: 0.11930000
SOLRUB: 5467.00000000
RUNEAUD: 17.40400000
BUSDUAH: 41.12000000
BONDBTC: 0.00003108
BONDBNB: 0.02969000
BONDBUSD: 4.26200000
BONDUSDT: 2.15200000
MLNBTC: 0.00025700
MLNBNB: 0.09880000
MLNBUSD: 15.73000000
MLNUSDT: 17.69000000
GRTTRY: 5.99500000
CAKEBRL: 69.72000000
ICPRUB: 4589.00000000
DOTAUD: 6.63100000
AAVEBRL: 1792.00000000
EOSAUD: 6.55500000
DEXEUSDT: 8.80800000
LTOBUSD: 0.05590000
ADXBUSD: 0.13340000
QUICKBTC: 0.00000074
QUICKBNB: 0.42200000
QUICKBUSD: 74.10000000
C98USDT: 0.13840000
C98BUSD: 0.13430000
C98BNB: 0.00080500
C98BTC: 0.00000201
CLVBTC: 0.00000048
CLVBNB: 0.00026430
CLVBUSD: 0.03282000
CLVUSDT: 0.03331000
QNTBTC: 0.00096800
QNTBNB: 0.40150000
QNTBUSD: 85.50000000
QNTUSDT: 66.30000000
FLOWBTC: 0.00000865
FLOWBNB: 0.00247400
FLOWBUSD: 0.51300000
FLOWUSDT: 0.59000000
XECBUSD: 0.00003100
AXSBRL: 38.36000000
AXSAUD: 8.66000000
TVKUSDT: 0.05405000
MINABTC: 0.00000893
MINABNB: 0.00166600
MINABUSD: 0.37790000
MINAUSDT: 0.61280000
RAYBNB: 0.00389600
RAYBUSD: 0.17010000
RAYUSDT: 2.33600000
FARMBTC: 0.00075100
FARMBNB: 0.15150000
FARMBUSD: 21.12000000
FARMUSDT: 43.43000000
ALPACABTC: 0.00000234
ALPACABNB: 0.00094400
ALPACABUSD: 0.14390000
ALPACAUSDT: 0.15990000
TLMTRY: 0.39140000
QUICKUSDT: 0.03939000
ORNBUSD: 0.55190000
MBOXBTC: 0.00000235
MBOXBNB: 0.00069200
MBOXBUSD: 0.20900000
MBOXUSDT: 0.16100000
VGXBTC: 0.00002524
VGXETH: 0.00034800
FORUSDT: 0.00306000
REQUSDT: 0.10140000
GHSTUSDT: 1.03500000
TRURUB: 2.98000000
FISBRL: 1.78100000
WAXPUSDT: 0.03617000
WAXPBUSD: 0.04170000
WAXPBNB: 0.00017060
WAXPBTC: 0.00000052
TRIBEBTC: 0.00000743
TRIBEBNB: 0.00143100
TRIBEBUSD: 0.20570000
TRIBEUSDT: 0.20180000
GNOUSDT: 190.50000000
GNOBUSD: 304.10000000
GNOBNB: 0.86500000
GNOBTC: 0.00562400
ARPATRY: 1.84570000
PROMBTC: 0.00008960
MTLBUSD: 1.35300000
OGNBUSD: 0.11290000
XECUSDT: 0.00003587
C98BRL: 1.30800000
SOLAUD: 28.48000000
XRPBIDR: 7835.00
POLYBUSD: 0.27000000
ELFUSDT: 0.39100000
DYDXUSDT: 1.27280000
DYDXBUSD: 3.77100000
DYDXBNB: 0.00333300
DYDXBTC: 0.00001856
ELFBUSD: 0.34030000
POLYUSDT: 0.26960000
IDEXUSDT: 0.03862000
VIDTUSDT: 0.03061000
SOLBIDR: 311087.00
AXSBIDR: 72500.00
BTCUSDP: 19435.03000000
ETHUSDP: 1344.37000000
BNBUSDP: 282.09000000
USDPBUSD: 1.00000000
USDPUSDT: 1.00100000
GALAUSDT: 0.02396000
GALABUSD: 0.02957000
GALABNB: 0.00003999
GALABTC: 0.00000034
FTMBIDR: 3413.00
ALGOBIDR: 20095.00
CAKEAUD: 25.61000000
KSMAUD: 234.80000000
WAVESRUB: 1190.49000000
SUNBUSD: 0.00544000
ILVUSDT: 40.10000000
ILVBUSD: 39.06000000
ILVBNB: 0.17900000
ILVBTC: 0.00058600
RENBUSD: 0.04539800
YGGUSDT: 0.54700000
YGGBUSD: 0.40530000
YGGBNB: 0.00068700
YGGBTC: 0.00000795
STXBUSD: 0.67560000
SYSUSDT: 0.10550000
DFUSDT: 0.03498000
SOLUSDC: 160.52000000
ARPARUB: 4.92800000
LTCUAH: 3191.00000000
FETBUSD: 0.49150000
ARPABUSD: 0.04660000
LSKBUSD: 0.84400000
AVAXBIDR: 266752.00
ALICEBIDR: 29103.00
FIDAUSDT: 0.25010000
FIDABUSD: 0.17820000
FIDABNB: 0.00543000
FIDABTC: 0.00000366
DENTBUSD: 0.00070700
FRONTUSDT: 0.88000000
CVPUSDT: 0.03390000
AGLDBTC: 0.00001883
AGLDBNB: 0.00190000
AGLDBUSD: 0.82700000
AGLDUSDT: 1.28500000
RADBTC: 0.00001706
RADBNB: 0.01032000
RADBUSD: 1.32100000
RADUSDT: 1.16600000
UNIAUD: 34.47000000
HIVEBUSD: 0.27580000
STPTBUSD: 0.04185000
BETABTC: 0.00000067
BETABNB: 0.00033500
BETABUSD: 0.06354000
BETAUSDT: 0.04468000
SHIBAUD: 0.00001121
RAREBTC: 0.00000177
RAREBNB: 0.00069100
RAREBUSD: 0.05960000
RAREUSDT: 0.12160000
AVAXBRL: 162.40000000
AVAXAUD: 17.91000000
LUNAAUD: 0.00009000
TROYBUSD: 0.00226900
AXSETH: 0.00191200
FTMETH: 0.00027510
SOLETH: 0.05940000
SSVBTC: 0.00033140
SSVETH: 0.00844400
LAZIOTRY: 53.59000000
LAZIOEUR: 2.54800000
LAZIOBTC: 0.00003995
LAZIOUSDT: 1.56000000
CHESSBTC: 0.00000272
CHESSBNB: 0.00188500
CHESSBUSD: 0.12000000
CHESSUSDT: 0.14250000
FTMAUD: 0.42000000
FTMBRL: 1.92300000
SCRTBUSD: 0.26290000
ADXUSDT: 0.17450000
AUCTIONUSDT: 13.78000000
CELOBUSD: 0.47000000
FTMRUB: 36.85000000
NUAUD: 0.76900000
NURUB: 41.13000000
REEFTRY: 0.02349000
REEFBIDR: 162.00
SHIBDOGE: 0.00013400
DARUSDT: 0.17653000
DARBUSD: 0.07995000
DARBNB: 0.00037248
DARBTC: 0.00000258
BNXBTC: 0.00000999
BNXBNB: 0.00122700
BNXBUSD: 0.27430000
BNXUSDT: 0.68370000
RGTUSDT: 14.44000000
RGTBTC: 0.00037960
RGTBUSD: 14.46000000
RGTBNB: 0.03997000
LAZIOBUSD: 1.64400000
OXTBUSD: 0.05130000
MANATRY: 11.26000000
ALGORUB: 12.60000000
SHIBUAH: 0.00079300
LUNABIDR: 0.88
AUDUSDC: 0.64770000
MOVRBTC: 0.00015330
MOVRBNB: 0.15520000
MOVRBUSD: 3.69000000
MOVRUSDT: 10.51800000
CITYBTC: 0.00006030
CITYBNB: 0.01454000
CITYBUSD: 2.96400000
CITYUSDT: 2.17700000
ENSBTC: 0.00027240
ENSBNB: 0.03091000
ENSBUSD: 6.96000000
ENSUSDT: 18.67000000
SANDETH: 0.00014660
DOTETH: 0.00168200
MATICETH: 0.00016160
ANKRBUSD: 0.01906000
SANDTRY: 9.77000000
MANABRL: 1.66100000
KP3RUSDT: 54.79000000
QIUSDT: 0.01371000
QIBUSD: 0.00507000
QIBNB: 0.00009910
QIBTC: 0.00000020
PORTOBTC: 0.00002103
PORTOUSDT: 1.66200000
PORTOTRY: 56.96000000
PORTOEUR: 2.71500000
POWRUSDT: 0.23520000
POWRBUSD: 0.15040000
AVAXETH: 0.01046000
SLPTRY: 0.09213000
FISTRY: 8.87000000
LRCTRY: 4.59600000
CHRETH: 0.00007210
FISBIDR: 9124.00
VGXUSDT: 0.01800000
GALAETH: 0.00000886
JASMYUSDT: 0.01953000
JASMYBUSD: 0.00359300
JASMYBNB: 0.00001767
JASMYBTC: 0.00000017
AMPBTC: 0.00000010
AMPBNB: 0.00003999
AMPBUSD: 0.00142900
AMPUSDT: 0.00395300
PLABTC: 0.00000465
PLABNB: 0.00069680
PLABUSD: 0.14770000
PLAUSDT: 0.23470000
PYRBTC: 0.00003980
PYRBUSD: 3.90300000
PYRUSDT: 2.73100000
RNDRBTC: 0.00010320
RNDRUSDT: 7.03000000
RNDRBUSD: 3.04000000
ALCXBTC: 0.00023730
ALCXBUSD: 10.73000000
ALCXUSDT: 15.38000000
SANTOSBTC: 0.00004996
SANTOSUSDT: 3.41100000
SANTOSBRL: 20.00000000
SANTOSTRY: 116.91000000
MCBTC: 0.00001400
MCBUSD: 0.26570000
MCUSDT: 0.48610000
BELTRY: 19.85000000
COCOSBUSD: 1.75890000
DENTTRY: 0.03243000
ENJTRY: 5.66000000
NEORUB: 734.00000000
SANDAUD: 0.63590000
SLPBIDR: 32.30
ANYBTC: 0.00026020
ANYBUSD: 12.33000000
ANYUSDT: 12.30000000
BICOBTC: 0.00000314
BICOBUSD: 0.25140000
BICOUSDT: 0.21510000
FLUXBTC: 0.00000807
FLUXBUSD: 0.32650000
FLUXUSDT: 0.55450000
ALICETRY: 42.90000000
FXSUSDT: 2.08100000
GALABRL: 0.13770000
GALATRY: 0.82140000
LUNATRY: 13.06000000
REQBUSD: 0.06330000
SANDBRL: 1.80700000
MANABIDR: 10781.00
SANDBIDR: 6598.00
VOXELBTC: 0.00000216
VOXELBNB: 0.00069340
VOXELBUSD: 0.13250000
VOXELUSDT: 0.16220000
COSBUSD: 0.00517000
CTXCBUSD: 0.11500000
FTMTRY: 25.47000000
MANABNB: 0.00155000
MINATRY: 20.98000000
XTZTRY: 29.03000000
HIGHBTC: 0.00002151
HIGHBUSD: 1.42100000
HIGHUSDT: 1.47400000
CVXBTC: 0.00008550
CVXBUSD: 2.59700000
CVXUSDT: 1.88100000
PEOPLEBTC: 0.00000122
PEOPLEBUSD: 0.00950000
PEOPLEUSDT: 0.08366000
OOKIBUSD: 0.00162900
OOKIUSDT: 0.00138600
COCOSTRY: 36.66000000
GXSBNB: 0.00453800
LINKBNB: 0.01977000
LUNAETH: 0.00000003
MDTBUSD: 0.04578000
NULSBUSD: 0.17850000
SPELLBTC: 0.00000012
SPELLUSDT: 0.00060700
SPELLBUSD: 0.00039730
USTBTC: 0.00002476
USTBUSD: 0.06762946
USTUSDT: 0.24577900
JOEBTC: 0.00000515
JOEBUSD: 0.21880000
JOEUSDT: 0.35300000
ATOMETH: 0.00170900
DUSKBUSD: 0.14310000
EGLDETH: 0.01028000
ICPETH: 0.00305100
LUNABRL: 0.00030000
LUNAUST: 0.00004900
NEARETH: 0.00180900
ROSEBNB: 0.00015340
VOXELETH: 0.00020220
ALICEBNB: 0.00524000
ATOMTRY: 158.40000000
ETHUST: 8239.72000000
GALAAUD: 0.03960000
LRCBNB: 0.00083900
ONEETH: 0.00000617
OOKIBNB: 0.00001491
ACHBTC: 0.00000030
ACHBUSD: 0.01646000
ACHUSDT: 0.02036000
IMXBTC: 0.00002376
IMXBUSD: 0.65080000
IMXUSDT: 1.62800000
GLMRBTC: 0.00000252
GLMRBUSD: 0.20650000
GLMRUSDT: 0.17250000
ATOMBIDR: 307866.00
DYDXETH: 0.00159100
FARMETH: 0.03152000
FORBNB: 0.00009710
ICPTRY: 282.30000000
JASMYETH: 0.00000302
LINABNB: 0.00007811
OOKIETH: 0.00000251
ROSEETH: 0.00002741
UMABUSD: 1.32700000
UNIETH: 0.00283100
XTZETH: 0.00044000
LOKABTC: 0.00000300
LOKABNB: 0.00104270
LOKABUSD: 0.18490000
LOKAUSDT: 0.20590000
ATOMBRL: 66.35000000
BNBUST: 1129.30000000
CRVETH: 0.00020780
HIGHBNB: 0.00455700
NEARRUB: 183.40000000
ROSETRY: 2.54000000
SCRTUSDT: 0.21610000
API3BTC: 0.00002796
API3BUSD: 1.00000000
API3USDT: 1.91600000
BTTCUSDT: 0.00000094
BTTCUSDC: 0.00000078
BTTCTRY: 0.00003241
ACABTC: 0.00000090
ACABUSD: 0.04640000
ACAUSDT: 0.06210000
ANCBTC: 0.00000186
ANCBUSD: 0.02872000
ANCUSDT: 0.03151000
BDOTDOT: 0.99820000
XNOBTC: 0.00001317
XNOETH: 0.00050170
XNOBUSD: 0.66300000
XNOUSDT: 0.90400000
COSTRY: 0.25510000
KAVAETH: 0.00030660
MCBNB: 0.00069800
ONETRY: 0.50560000
WOOBTC: 0.00000287
WOOBNB: 0.00114100
WOOBUSD: 0.16450000
WOOUSDT: 0.19690000
CELRETH: 0.00000789
PEOPLEBNB: 0.00004675
SLPBNB: 0.00000884
SPELLBNB: 0.00000404
SPELLTRY: 0.02079000
TFUELBUSD: 0.04390000
AXSTRY: 177.50000000
DARTRY: 6.05900000
NEARTRY: 168.00000000
IDEXBNB: 0.00019820
ALPINEEUR: 2.19600000
ALPINETRY: 51.13000000
ALPINEUSDT: 1.49100000
ALPINEBTC: 0.00002994
TUSDT: 0.02495000
TBUSD: 0.02312000
API3BNB: 0.00533000
BETAETH: 0.00003349
INJTRY: 756.10000000
TLMBNB: 0.00010990
ASTRBUSD: 0.05000000
ASTRUSDT: 0.06230000
API3TRY: 65.80000000
GLMRBNB: 0.00102100
MBOXTRY: 5.51000000
NBTBIDR: 39.10
NBTUSDT: 0.00252000
GMTBTC: 0.00000204
GMTBNB: 0.00076900
GMTBUSD: 0.22700000
GMTUSDT: 0.13970000
ANCBNB: 0.00012880
ATOMEUR: 4.23700000
GALAEUR: 0.02193000
KSMETH: 0.02114000
UMATRY: 96.47000000
KDABTC: 0.00000872
KDABUSD: 0.42000000
KDAUSDT: 0.59800000
APEUSDT: 1.50400000
APEBUSD: 1.42300000
APEBTC: 0.00002193
ALPINEBUSD: 1.74900000
LUNAGBP: 0.00005000
NEAREUR: 4.49200000
TWTTRY: 37.67000000
WAVESEUR: 1.35400000
APEEUR: 1.50800000
APEGBP: 3.30500000
APETRY: 51.58000000
BSWUSDT: 0.06330000
BSWBUSD: 0.06700000
BSWBNB: 0.00029870
APEBNB: 0.00527700
GMTBRL: 1.32500000
GMTETH: 0.00010150
JASMYTRY: 0.67000000
SANTOSBUSD: 2.91700000
APEAUD: 4.07200000
BIFIUSDT: 307.40000000
GMTEUR: 0.12800000
IMXBNB: 0.00236200
RUNEETH: 0.00183700
AVAXGBP: 14.18000000
MULTIBTC: 0.00003673
MULTIBUSD: 2.09700000
MULTIUSDT: 0.83400000
APEETH: 0.00029190
BSWETH: 0.00013660
FILTRY: 135.15000000
FTMEUR: 0.68200000
GMTGBP: 0.21070000
ZILTRY: 0.54320000
GMTTRY: 4.78000000
WAVESTRY: 36.02000000
BTCUST: 121179.88000000
ASTRBTC: 0.00000091
ASTRETH: 0.00003108
BSWTRY: 2.16900000
FTTETH: 0.00114100
FUNBNB: 0.00001888
PORTOBUSD: 1.75700000
STEEMUSDT: 0.18630000
ZILEUR: 0.02063000
APEBRL: 22.16000000
AUDIOTRY: 4.49000000
BTTCBUSD: 0.00000045
GMTAUD: 0.56950000
MBLBUSD: 0.00265800
MOBUSDT: 0.06230000
MOBBUSD: 0.55000000
MOBBTC: 0.00000094
NEXOUSDT: 1.02200000
NEXOBUSD: 0.62700000
NEXOBTC: 0.00001491
REIUSDT: 0.05870000
REIBNB: 0.00008210
REIETH: 0.00001928
GALUSDT: 2.54200000
GALBUSD: 1.35100000
GALBNB: 0.00489300
GALBTC: 0.00004073
JASMYEUR: 0.00456800
KNCBNB: 0.00255000
SHIBGBP: 0.00000696
GALEUR: 0.99500000
GALTRY: 84.24000000
LDOBUSD: 1.74400000
LDOUSDT: 1.19100000
LDOBTC: 0.00001741
ENSTRY: 639.30000000
DAREUR: 0.12133000
DARETH: 0.00010140
ALGOETH: 0.00004447
ALGOTRY: 4.41500000
GALETH: 0.00076200
EPXUSDT: 0.00001940
EPXBUSD: 0.00016980
RUNETRY: 31.38000000
GALBRL: 8.68000000
STEEMBUSD: 0.18470000
CVCBUSD: 0.06880000
REIBUSD: 0.03079000
DREPBUSD: 0.25360000
AKROBUSD: 0.00618000
PUNDIXBUSD: 0.33360000
LUNCBUSD: 0.00017100
USTCBUSD: 0.01326580
OPBTC: 0.00002581
OPBUSD: 1.80300000
OPUSDT: 1.77200000
OGBUSD: 4.41600000
KEYBUSD: 0.00543000
ASRBUSD: 2.15900000
FIROBUSD: 1.44100000
NKNBUSD: 0.09720000
OPBNB: 0.00281800
OPEUR: 1.62400000
GTOBUSD: 0.02863000
SNXETH: 0.00076800
WBTCBUSD: 40760.13000000
BELETH: 0.00041170
LITETH: 0.00035510
LEVERUSDT: 0.00201900
LEVERBUSD: 0.00130800
BURGERETH: 0.00045000
PEOPLEETH: 0.00000668
UNFIETH: 0.00224100
BONDETH: 0.00266500
STORJTRY: 18.70000000
OPETH: 0.00065500
ETCTRY: 679.10000000
WINGETH: 0.00352100
FILETH: 0.00145700
GLMBUSD: 0.17860000
SSVBUSD: 15.74000000
STGBTC: 0.00000450
STGBUSD: 0.41400000
STGUSDT: 0.30790000
ANKRTRY: 0.97180000
ARKBUSD: 0.53560000
BETHBUSD: 1551.73000000
LOOMBUSD: 0.04003000
SNMBUSD: 0.01470000
AMBBUSD: 0.00796000
LUNCUSDT: 0.00009215
PHBBUSD: 0.65880000
GASBUSD: 9.21600000
NEBLBUSD: 0.35400000
PROSBUSD: 0.31500000
VIBBUSD: 0.04217000
GMXBTC: 0.00035400
GMXBUSD: 31.67000000
GMXUSDT: 24.40000000
AGIXBUSD: 0.29947000
NEBLUSDT: 0.35500000
SNTBUSD: 0.02283000
POLYXBTC: 0.00000378
POLYXBUSD: 0.12170000
POLYXUSDT: 0.25940000
APTBTC: 0.00014520
APTUSDT: 9.94000000
APTBUSD: 7.31980000
BTCPLN: 272168.00000000
ETHPLN: 10724.00000000
BUSDPLN: 4.06500000
APTEUR: 9.10000000
APTTRY: 340.10000000
APTBRL: 39.76000000
QKCBUSD: 0.00869500
OSMOBTC: 0.00000884
OSMOUSDT: 0.54280000
OSMOBUSD: 0.46400000
HFTBTC: 0.00000230
HFTBUSD: 0.25890000
HFTUSDT: 0.15730000
ARPAETH: 0.00002363
PHBUSDT: 1.97700000
VITEBUSD: 0.01726000
HOOKBTC: 0.00000788
HOOKUSDT: 0.49030000
HOOKBUSD: 0.89410000
HOOKBNB: 0.00319530
MAGICBTC: 0.00000621
MAGICBUSD: 0.55850000
MAGICUSDT: 0.42520000
BUSDRON: 4.62800000
HIFIETH: 0.00025310
HIFIUSDT: 0.56260000
RPLBTC: 0.00064100
RPLBUSD: 24.17000000
RPLUSDT: 11.90000000
PROSUSDT: 0.37710000
FETTRY: 49.50000000
GFTBUSD: 0.02911000
AGIXUSDT: 0.61410000
APTETH: 0.00367900
BTCRON: 312784.00000000
GNSUSDT: 1.96400000
GNSBTC: 0.00007210
SYNBTC: 0.00001152
SYNUSDT: 0.62590000
VIBUSDT: 0.07050000
SSVUSDT: 22.85000000
LQTYUSDT: 0.87400000
LQTYBTC: 0.00001274
AMBUSDT: 0.00658000
BETHUSDT: 1556.27000000
CFXTRY: 5.66200000
STXTRY: 65.52000000
USTCUSDT: 0.02189000
GASUSDT: 4.44600000
GLMUSDT: 0.35080000
PROMUSDT: 5.62700000
QKCUSDT: 0.00899300
UFTUSDT: 0.24460000
IDBTC: 0.00000596
IDBNB: 0.00094930
IDUSDT: 0.40920000
ARBBTC: 0.00000881
ARBUSDT: 0.60500000
AGIXTRY: 20.14000000
LOOMUSDT: 0.04831000
OAXUSDT: 0.14700000
ARBTUSD: 0.60600000
ARBTRY: 20.74000000
ARBEUR: 0.55380000
IDTUSD: 0.88208000
IDTRY: 14.05000000
IDEUR: 0.18769000
LDOTUSD: 2.46700000
MATICTUSD: 0.50430000
OPTUSD: 2.99700000
SOLTUSD: 160.90000000
SSVTUSD: 45.55000000
RDNTBTC: 0.00000090
RDNTUSDT: 0.06180000
RDNTTUSD: 0.30100000
ARBRUB: 95.10000000
JOETRY: 12.22000000
MAGICTRY: 14.59000000
USDTPLN: 3.97200000
ACHTRY: 0.69830000
XVSTRY: 255.10000000
EGLDRON: 125.60000000
USDTRON: 4.56500000
USDTARS: 1204.50000000
DOGETUSD: 0.14098000
WBTCUSDT: 68525.12000000
EDUUSDT: 0.57730000
EDUTUSD: 1.06098000
EDUBNB: 0.00181050
EDUBTC: 0.00000845
EDUEUR: 0.47455000
EDUTRY: 19.81000000
SUIUSDT: 2.11660000
SUITUSD: 2.12120000
SUIBTC: 0.00003091
SUIBNB: 0.00353700
SUIEUR: 1.94320000
SUITRY: 72.59000000
AERGOUSDT: 0.10620000
RNDRTRY: 233.63000000
PEPEUSDT: 0.00001051
PEPETUSD: 0.00001050
FLOKIUSDT: 0.00015505
FLOKITUSD: 0.00003203
OGTRY: 232.80000000
PEPETRY: 0.00036058
WBETHETH: 1.05210000
ASTUSDT: 0.08270000
SNTUSDT: 0.02605000
FLOKITRY: 0.00531900
CITYTRY: 74.80000000
COMBOUSDT: 0.45140000
COMBOBNB: 0.00227200
COMBOTRY: 15.49000000
LTCTRY: 2543.00000000
RADTRY: 40.10000000
BTCARS: 82515535.00000000
OPTRY: 60.75000000
PAXGTRY: 94273.00000000
MAVBTC: 0.00000275
MAVUSDT: 0.18920000
MAVTUSD: 0.21940000
CFXTUSD: 0.22120000
PENDLEBTC: 0.00006992
PENDLEUSDT: 4.79200000
PENDLETUSD: 2.70440000
MAVTRY: 6.48000000
OCEANTRY: 20.10000000
TUSDTRY: 34.23000000
ARBETH: 0.00022350
BCHTRY: 12502.00000000
XVGTRY: 0.14180000
XVGTUSD: 0.00626900
ARKMUSDT: 1.79500000
ARKMTUSD: 1.15100000
ARKMTRY: 61.60000000
ARKMBNB: 0.00299900
ARKMBTC: 0.00002622
WBETHUSDT: 2842.35000000
ACATRY: 2.12700000
AVAXTUSD: 27.66000000
COMPTUSD: 84.22000000
COMPTRY: 1587.00000000
XECTRY: 0.00123100
QUICKTUSD: 0.04668000
WLDUSDT: 2.38200000
WLDBTC: 0.00003474
BNBFDUSD: 599.30000000
FDUSDBUSD: 1.00000000
FDUSDUSDT: 0.99920000
ARKMRUB: 40.11000000
WLDTRY: 81.72000000
WLDRUB: 218.30000000
AMPTRY: 0.13570000
OGNTRY: 3.17100000
BTCFDUSD: 68586.92000000
ETHFDUSD: 2705.47000000
ASRTRY: 74.56000000
ATMTRY: 70.85000000
ACMTRY: 53.86000000
BARTRY: 64.97000000
JUVTRY: 60.00000000
PSGTRY: 112.09000000
SEIBNB: 0.00074180
SEIBTC: 0.00000650
SEIFDUSD: 0.44590000
SEITRY: 15.27500000
SEIUSDT: 0.44560000
CYBERBNB: 0.00551700
CYBERBTC: 0.00004822
CYBERFDUSD: 3.30700000
CYBERTRY: 113.40000000
CYBERUSDT: 3.30800000
CYBERTUSD: 3.31200000
SEITUSD: 0.36330000
LPTTRY: 446.30000000
UNITRY: 263.20000000
SOLFDUSD: 160.67000000
TOMOTRY: 40.26000000
UNFITRY: 101.40000000
XRPFDUSD: 0.54410000
DOGEFDUSD: 0.14073000
CYBERETH: 0.00122000
MTLTRY: 35.06000000
ARKUSDT: 0.60890000
CREAMUSDT: 15.56000000
GFTUSDT: 0.01761000
IQUSDT: 0.00665200
USDTVAI: 1.01300000
ARBFDUSD: 0.60430000
FDUSDTRY: 34.28000000
FRONTTRY: 30.14000000
SUIFDUSD: 2.11850000
NTRNBTC: 0.00000621
NTRNUSDT: 0.42510000
NTRNBNB: 0.00070900
FILFDUSD: 3.94000000
FRONTTUSD: 0.91380000
LEVERTRY: 0.06934000
LTCFDUSD: 74.09000000
ADAFDUSD: 0.36040000
RUNETUSD: 5.50100000
TRBTRY: 2317.00000000
ATOMFDUSD: 4.62300000
AVAXFDUSD: 28.29000000
BANDTRY: 37.91000000
BCHFDUSD: 364.90000000
LOOMTRY: 1.65400000
MATICFDUSD: 0.37950000
ALGOFDUSD: 0.12870000
DOTFDUSD: 4.55000000
FTMFDUSD: 0.74170000
LINKFDUSD: 11.87000000
NEARFDUSD: 4.90400000
STRAXTRY: 1.76100000
TIABTC: 0.00008820
TIAUSDT: 6.04900000
TIATRY: 207.50000000
MEMEBNB: 0.00004107
MEMEUSDT: 0.01376000
MEMEFDUSD: 0.01379000
MEMETUSD: 0.02722000
MEMETRY: 0.47190000
ORDIBTC: 0.00054900
ORDIUSDT: 37.64000000
ORDITRY: 1291.00000000
EGLDFDUSD: 27.82000000
FETFDUSD: 1.44400000
GASFDUSD: 2.78500000
INJETH: 0.00816500
INJTUSD: 26.23000000
OPFDUSD: 1.76900000
ORDIFDUSD: 37.64000000
ORDITUSD: 36.89000000
RNDRFDUSD: 7.02900000
SHIBTUSD: 0.00001766
BEAMXUSDT: 0.01804000
ARKTRY: 20.83000000
BEAMXTRY: 0.61900000
CAKETRY: 66.75000000
CAKETUSD: 2.77400000
DYDXFDUSD: 1.27400000
PIVXUSDT: 0.21120000
RUNEFDUSD: 4.97600000
TIATUSD: 6.40000000
DOTTUSD: 7.09800000
GALAFDUSD: 0.02396000
WLDFDUSD: 2.38500000
GASTRY: 152.50000000
NTRNTRY: 14.57000000
VICBTC: 0.00000542
VICUSDT: 0.37150000
VICTRY: 12.72000000
BLURBTC: 0.00000420
BLURUSDT: 0.28750000
BLURTRY: 9.84000000
BLURFDUSD: 0.20900000
SUPERFDUSD: 0.60120000
USTCFDUSD: 0.02198000
USTCTRY: 0.75190000
DYDXTRY: 43.66000000
VANRYUSDT: 0.09330000
VANRYBTC: 0.00000136
BTCAEUR: 51466.50000000
AEURUSDT: 1.09030000
ETHAEUR: 2700.00000000
EURAEUR: 1.00000000
AUCTIONFDUSD: 13.79000000
IOTAFDUSD: 0.14040000
LUNCTRY: 0.00316100
SUPERTRY: 44.85000000
JTOUSDT: 2.27400000
JTOFDUSD: 2.28500000
JTOTRY: 77.90000000
1000SATSUSDT: 0.00028930
1000SATSFDUSD: 0.00028960
1000SATSTRY: 0.00992000
SHIBFDUSD: 0.00001884
SANDFDUSD: 0.28510000
MEMEETH: 0.00000576
IOTATRY: 4.24400000
INJFDUSD: 22.05000000
FIDATRY: 8.58700000
BONKUSDT: 0.00002336
BONKFDUSD: 0.00002337
BONKTRY: 0.00080120
ACEFDUSD: 2.02200000
ACEUSDT: 2.39100000
ACEBNB: 0.00894000
ACEBTC: 0.00003470
ACETRY: 81.90000000
BLZFDUSD: 0.12600000
RARETRY: 4.16700000
VANRYTRY: 3.20000000
NFPBTC: 0.00000355
NFPUSDT: 0.24360000
NFPBNB: 0.00056200
NFPFDUSD: 0.24360000
NFPTUSD: 0.39750000
NFPTRY: 8.34000000
ARBUSDC: 0.60480000
AVAXUSDC: 28.30000000
DOTUSDC: 4.54200000
INJUSDC: 22.03000000
MATICUSDC: 0.37910000
OPUSDC: 1.76900000
ORDIUSDC: 37.62000000
AIBTC: 0.00000658
AIUSDT: 0.45180000
AIBNB: 0.00075240
AIFDUSD: 0.45250000
AITUSD: 0.51400000
AITRY: 15.50000000
ICPFDUSD: 8.23200000
LDOFDUSD: 1.19400000
MOVRTRY: 359.90000000
XAIBTC: 0.00000345
XAIUSDT: 0.23630000
XAIBNB: 0.00103800
XAIFDUSD: 0.23580000
XAITUSD: 0.89860000
XAITRY: 8.10000000
SKLTRY: 1.50000000
STXFDUSD: 1.91000000
TIAFDUSD: 6.05400000
MANTABTC: 0.00001184
MANTAUSDT: 0.81200000
MANTABNB: 0.00157000
MANTAFDUSD: 0.81100000
MANTATRY: 27.87000000
ENSFDUSD: 18.63000000
ETCFDUSD: 19.83000000
SUIUSDC: 2.11680000
TIAUSDC: 6.04100000
CHZFDUSD: 0.07350000
MANTAUSDC: 0.81100000
ALTBTC: 0.00000175
ALTUSDT: 0.11977000
ALTBNB: 0.00019970
ALTFDUSD: 0.11983000
ALTTRY: 4.10500000
APTFDUSD: 9.95000000
BLURUSDC: 0.28690000
JUPUSDT: 0.92270000
JUPFDUSD: 0.92140000
JUPTRY: 31.62000000
ALTUSDC: 0.11933000
MAGICFDUSD: 0.90500000
SEIUSDC: 0.44520000
PYTHBTC: 0.00000519
PYTHUSDT: 0.35550000
PYTHFDUSD: 0.35550000
PYTHTRY: 12.19000000
RONINBTC: 0.00002462
RONINUSDT: 1.68700000
RONINFDUSD: 1.68800000
RONINTRY: 57.87000000
DYMBTC: 0.00002736
DYMUSDT: 1.87400000
DYMFDUSD: 1.34000000
DYMTRY: 64.14000000
JUPUSDC: 0.92260000
PENDLEFDUSD: 4.79000000
PIXELBTC: 0.00000232
PIXELBNB: 0.00026520
PIXELUSDT: 0.15880000
PIXELFDUSD: 0.15850000
PIXELTRY: 5.43000000
STRKBTC: 0.00000624
STRKUSDT: 0.42780000
STRKFDUSD: 0.42820000
STRKTRY: 14.66000000
FILUSDC: 3.93300000
HBARTRY: 1.88300000
PENDLETRY: 164.50000000
WLDUSDC: 2.38000000
CKBTRY: 0.52120000
COTITRY: 3.59200000
LDOTRY: 40.82000000
UNIUSDC: 7.66300000
PORTALBTC: 0.00000472
PORTALUSDT: 0.32390000
PORTALBNB: 0.00054040
PORTALFDUSD: 0.32380000
PORTALTRY: 11.09600000
PDABTC: 0.00000079
PDAUSDT: 0.04600000
AXLBTC: 0.00001244
AXLUSDT: 0.85530000
AXLFDUSD: 0.85460000
AXLTRY: 29.30000000
PEPEFDUSD: 0.00001052
PIXELUSDC: 0.15870000
STRKUSDC: 0.42780000
UNIFDUSD: 7.66000000
OMTRY: 51.26000000
THETATRY: 46.01000000
WIFBTC: 0.00003894
WIFUSDT: 2.67200000
WIFFDUSD: 2.67300000
WIFTRY: 91.58000000
AGIXFDUSD: 0.61880000
PEPEUSDC: 0.00001050
SHIBUSDC: 0.00001881
THETAFDUSD: 1.33600000
ARTRY: 657.00000000
METISBTC: 0.00053900
METISUSDT: 45.06000000
METISFDUSD: 49.49000000
METISTRY: 1543.00000000
BNBJPY: 89521.00000000
BTCJPY: 10246487.00000000
ETHJPY: 403956.00000000
FLOKIFDUSD: 0.00015509
GRTFDUSD: 0.17500000
NEARUSDC: 4.90000000
SNXTRY: 54.60000000
AEVOBTC: 0.00000568
AEVOUSDT: 0.38950000
AEVOBNB: 0.00077700
AEVOFDUSD: 0.38980000
AEVOTRY: 13.36000000
FETUSDC: 1.44200000
IMXTRY: 38.57000000
EURUSDC: 1.09020000
BOMETRY: 0.31180000
BOMEBTC: 0.00000013
BOMEUSDT: 0.00908900
BOMEFDUSD: 0.00908700
ETHFIBTC: 0.00002504
ETHFIUSDT: 1.71800000
ETHFIBNB: 0.00252300
ETHFIFDUSD: 1.72100000
ETHFITRY: 58.98000000
AAVETRY: 5420.00000000
ARKMFDUSD: 1.79600000
CRVTRY: 9.35000000
FETBRL: 8.32000000
RAYFDUSD: 2.34800000
RNDREUR: 6.47500000
BONKUSDC: 0.00002335
FLOKIUSDC: 0.00015479
MKRTRY: 41962.00000000
RAYTRY: 79.89000000
RNDRBRL: 39.58000000
ENABTC: 0.00000597
ENAUSDT: 0.40870000
ENABNB: 0.00067840
ENAFDUSD: 0.40900000
ENATRY: 14.02700000
LQTYFDUSD: 0.65100000
MASKTRY: 80.60000000
PENDLEUSDC: 4.78500000
RDNTTRY: 2.12300000
WBTC: 0.00000437
WUSDT: 0.29900000
WFDUSD: 0.29940000
WTRY: 10.25500000
BOMEUSDC: 0.00907700
JTOUSDC: 2.27400000
WIFUSDC: 2.67200000
TNSRBTC: 0.00000611
TNSRUSDT: 0.41810000
TNSRFDUSD: 0.41780000
TNSRTRY: 14.34000000
SAGABTC: 0.00004043
SAGAUSDT: 2.77450000
SAGABNB: 0.00461900
SAGAFDUSD: 2.77190000
SAGATRY: 95.14000000
USDTMXN: 19.89000000
CKBUSDC: 0.01517900
ENAUSDC: 0.40900000
ETHFIUSDC: 1.71700000
YGGUSDC: 0.54720000
USDTCZK: 23.26000000
TAOBTC: 0.00864300
TAOUSDT: 592.00000000
TAOFDUSD: 592.70000000
TAOTRY: 20318.00000000
CFXUSDC: 0.16460000
RNDRUSDC: 7.04100000
RUNEUSDC: 4.95200000
SAGAUSDC: 2.76830000
POLYXTRY: 8.90000000
OMNIBTC: 0.00013860
OMNIUSDT: 9.49000000
OMNIBNB: 0.01361000
OMNIFDUSD: 9.51000000
OMNITRY: 325.10000000
APTUSDC: 9.95000000
GALAUSDC: 0.02393000
OMNIBRL: 40.20000000
STXUSDC: 1.91000000
ICPUSDC: 8.24100000
OMNIUSDC: 9.49000000
PEPEBRL: 0.00006015
YGGTRY: 18.78000000
ADAJPY: 53.78000000
SHIBJPY: 0.00280500
SOLJPY: 23881.00000000
XRPJPY: 81.26000000
REZBTC: 0.00000066
REZUSDT: 0.04507000
REZBNB: 0.00008310
REZFDUSD: 0.04511000
REZTRY: 1.54500000
EGLDTRY: 953.00000000
PHBTRY: 67.74000000
RSRTRY: 0.24840000
BBBTC: 0.00000507
BBUSDT: 0.34780000
BBBNB: 0.00058050
BBFDUSD: 0.34790000
BBTRY: 11.92400000
FRONTUSDC: 0.88300000
PEOPLETRY: 2.86700000
TRBUSDC: 67.57000000
NOTUSDT: 0.00835800
NOTBNB: 0.00001395
NOTFDUSD: 0.00836300
NOTTRY: 0.28630000
ARKMUSDC: 1.79800000
ARUSDC: 19.15000000
BBUSDC: 0.34640000
CRVUSDC: 0.27230000
PEOPLEUSDC: 0.08348000
ARFDUSD: 19.11000000
ENAEUR: 0.27700000
PEPEEUR: 0.00000963
REZUSDC: 0.04509000
TRBFDUSD: 59.44000000
USDCTRY: 34.32000000
BTCMXN: 1363470.00000000
XRPMXN: 10.84500000
ENSUSDC: 18.62000000
LDOUSDC: 1.19500000
NOTUSDC: 0.00834300
NEARBRL: 28.07000000
HIGHTRY: 50.50000000
PEOPLEFDUSD: 0.08369000
TNSRUSDC: 0.41960000
USDTCOP: 4180.00000000
IOBTC: 0.00002863
IOUSDT: 1.95700000
IOBNB: 0.00329600
IOFDUSD: 1.95800000
IOTRY: 67.10000000
NOTBRL: 0.04805000
TRUTRY: 3.01300000
WIFEUR: 2.44500000
ZKBTC: 0.00000217
ZKUSDT: 0.14870000
ZKFDUSD: 0.14870000
ZKTRY: 5.10000000
LISTAUSDT: 0.39070000
LISTABNB: 0.00065020
LISTAFDUSD: 0.39370000
LISTATRY: 13.39000000
ZROBTC: 0.00005858
ZROUSDT: 4.01100000
ZROFDUSD: 4.01000000
ZROTRY: 137.50000000
LISTABRL: 2.26200000
BAKETRY: 9.86000000
WIFBRL: 15.31000000
ZKUSDC: 0.14860000
ZROUSDC: 4.00500000
IOUSDC: 1.95700000
1000SATSUSDC: 0.00028940
BNXTRY: 23.47000000
ETHARS: 3249985.00000000
GUSDT: 0.03414000
GTRY: 1.16900000
BANANABTC: 0.00083160
BANANAUSDT: 57.05000000
BANANABNB: 0.09512000
BANANAFDUSD: 57.02000000
BANANATRY: 1957.00000000
RENDERBTC: 0.00007840
RENDERUSDT: 5.38200000
RENDERFDUSD: 5.37000000
RENDERUSDC: 5.37900000
RENDERTRY: 184.50000000
RENDEREUR: 4.94400000
RENDERBRL: 30.80000000
TONBTC: 0.00007748
TONUSDT: 5.31100000
TONFDUSD: 5.31300000
TONTRY: 182.00000000
BONKBRL: 0.00013344
NOTEUR: 0.00764000
DOGEJPY: 20.97000000
MATICJPY: 54.46000000
NEARJPY: 731.70000000
TONUSDC: 5.30500000
AAVEFDUSD: 158.10000000
DOGSUSDT: 0.00076380
DOGSBNB: 0.00000127
DOGSFDUSD: 0.00076450
DOGSTRY: 0.02618000
EUREURI: 1.00000000
EURIUSDT: 1.09010000
DOGSBRL: 0.00438800
DOGSUSDC: 0.00076340
RAREBRL: 0.72180000
RAREUSDC: 0.12110000
SLFBTC: 0.00000485
SLFTRY: 11.47000000
SLFUSDC: 0.33290000
SLFUSDT: 0.33410000
AAVEUSDC: 157.98000000
SUNTRY: 0.64720000
STMXTRY: 0.19860000
POLBNB: 0.00063470
POLBRL: 2.18300000
POLBTC: 0.00000553
POLETH: 0.00014030
POLEUR: 0.34770000
POLFDUSD: 0.38050000
POLJPY: 56.84000000
POLTRY: 13.05000000
POLUSDC: 0.38000000
POLUSDT: 0.38030000
NEIROUSDT: 0.00188627
TURBOUSDT: 0.01031800
1MBABYDOGEUSDT: 0.00316300
CATIUSDT: 0.45090000
CATIBNB: 0.00075200
CATIFDUSD: 0.45110000
CATITRY: 15.46000000
1MBABYDOGEFDUSD: 0.00316530
1MBABYDOGETRY: 0.10845000
CATIBRL: 2.57000000
BTCEURI: 62876.77000000
NEIROFDUSD: 0.00188544
NEIROTRY: 0.06469000
HMSTRUSDT: 0.00391700
HMSTRBNB: 0.00000655
HMSTRFDUSD: 0.00391700
HMSTRTRY: 0.13430000
EIGENBTC: 0.00005422
EIGENUSDT: 3.71800000
EIGENFDUSD: 3.71400000
EIGENTRY: 127.44000000
NEIROBRL: 0.01080000
NEIROEUR: 0.00173396
BNSOLSOL: 1.00750000
SCRUSDT: 1.34800000
SUIBRL: 12.11000000
TURBOTRY: 0.35390000
BNSOLUSDT: 161.60000000
LUMIAUSDT: 1.26100000
[2024-10-20T20:20:50.543+0000] {logging_mixin.py:190} INFO - stderr: 
[2024-10-20T20:20:50.544+0000] {python.py:240} INFO - Done. Returned value was: None
[2024-10-20T20:20:50.557+0000] {taskinstance.py:340} INFO - ::group::Post task execution logs
[2024-10-20T20:20:50.557+0000] {taskinstance.py:352} INFO - Marking task as SUCCESS. dag_id=binance_data_extraction, task_id=run_binance_script, run_id=manual__2024-10-20T20:20:46.333790+00:00, execution_date=20241020T202046, start_date=20241020T202048, end_date=20241020T202050
[2024-10-20T20:20:50.570+0000] {logging_mixin.py:190} INFO - Task instance in success state
[2024-10-20T20:20:50.570+0000] {logging_mixin.py:190} INFO -  Previous state of the Task instance: running
[2024-10-20T20:20:50.570+0000] {logging_mixin.py:190} INFO - Dag name:binance_data_extraction queued_at:2024-10-20 20:20:46.367209+00:00
[2024-10-20T20:20:50.570+0000] {logging_mixin.py:190} INFO - Task hostname:3c6d286072f5 operator:PythonOperator
[2024-10-20T20:20:50.616+0000] {local_task_job_runner.py:266} INFO - Task exited with return code 0
[2024-10-20T20:20:50.640+0000] {taskinstance.py:3900} INFO - 1 downstream tasks scheduled from follow-on schedule check
[2024-10-20T20:20:50.643+0000] {local_task_job_runner.py:245} INFO - ::endgroup::
