[2024-10-20T22:00:15.790+0000] {local_task_job_runner.py:123} INFO - ::group::Pre task execution logs
[2024-10-20T22:00:15.811+0000] {taskinstance.py:2612} INFO - Dependencies all met for dep_context=non-requeueable deps ti=<TaskInstance: binance_data_extraction.run_binance_script manual__2024-10-20T22:00:13.320172+00:00 [queued]>
[2024-10-20T22:00:15.820+0000] {taskinstance.py:2612} INFO - Dependencies all met for dep_context=requeueable deps ti=<TaskInstance: binance_data_extraction.run_binance_script manual__2024-10-20T22:00:13.320172+00:00 [queued]>
[2024-10-20T22:00:15.821+0000] {taskinstance.py:2865} INFO - Starting attempt 1 of 2
[2024-10-20T22:00:15.835+0000] {taskinstance.py:2888} INFO - Executing <Task(PythonOperator): run_binance_script> on 2024-10-20 22:00:13.320172+00:00
[2024-10-20T22:00:15.846+0000] {warnings.py:112} WARNING - /home/***/.local/lib/python3.12/site-packages/***/task/task_runner/standard_task_runner.py:70: DeprecationWarning: This process (pid=110) is multi-threaded, use of fork() may lead to deadlocks in the child.
  pid = os.fork()

[2024-10-20T22:00:15.848+0000] {standard_task_runner.py:72} INFO - Started process 114 to run task
[2024-10-20T22:00:15.848+0000] {standard_task_runner.py:104} INFO - Running: ['***', 'tasks', 'run', 'binance_data_extraction', 'run_binance_script', 'manual__2024-10-20T22:00:13.320172+00:00', '--job-id', '5', '--raw', '--subdir', 'DAGS_FOLDER/binance_data_extraction.py', '--cfg-path', '/tmp/tmpjbuv4mzd']
[2024-10-20T22:00:15.849+0000] {standard_task_runner.py:105} INFO - Job 5: Subtask run_binance_script
[2024-10-20T22:00:15.894+0000] {task_command.py:467} INFO - Running <TaskInstance: binance_data_extraction.run_binance_script manual__2024-10-20T22:00:13.320172+00:00 [running]> on host a067a1017c42
[2024-10-20T22:00:15.973+0000] {taskinstance.py:3131} INFO - Exporting env vars: AIRFLOW_CTX_DAG_OWNER='***' AIRFLOW_CTX_DAG_ID='binance_data_extraction' AIRFLOW_CTX_TASK_ID='run_binance_script' AIRFLOW_CTX_EXECUTION_DATE='2024-10-20T22:00:13.320172+00:00' AIRFLOW_CTX_TRY_NUMBER='1' AIRFLOW_CTX_DAG_RUN_ID='manual__2024-10-20T22:00:13.320172+00:00'
[2024-10-20T22:00:15.974+0000] {logging_mixin.py:190} INFO - Task instance is in running state
[2024-10-20T22:00:15.974+0000] {logging_mixin.py:190} INFO -  Previous state of the Task instance: queued
[2024-10-20T22:00:15.974+0000] {logging_mixin.py:190} INFO - Current task name:run_binance_script state:running start_date:2024-10-20 22:00:15.811515+00:00
[2024-10-20T22:00:15.974+0000] {logging_mixin.py:190} INFO - Dag name:binance_data_extraction and current dag run status:running
[2024-10-20T22:00:15.975+0000] {taskinstance.py:731} INFO - ::endgroup::
[2024-10-20T22:00:16.020+0000] {logging_mixin.py:190} INFO - stdout: 
[2024-10-20T22:00:16.020+0000] {logging_mixin.py:190} INFO - stderr: python: can't open file '/opt/***/binance_prices.py': [Errno 2] No such file or directory
[2024-10-20T22:00:16.020+0000] {python.py:240} INFO - Done. Returned value was: None
[2024-10-20T22:00:16.031+0000] {taskinstance.py:340} INFO - ::group::Post task execution logs
[2024-10-20T22:00:16.031+0000] {taskinstance.py:352} INFO - Marking task as SUCCESS. dag_id=binance_data_extraction, task_id=run_binance_script, run_id=manual__2024-10-20T22:00:13.320172+00:00, execution_date=20241020T220013, start_date=20241020T220015, end_date=20241020T220016
[2024-10-20T22:00:16.039+0000] {logging_mixin.py:190} INFO - Task instance in success state
[2024-10-20T22:00:16.039+0000] {logging_mixin.py:190} INFO -  Previous state of the Task instance: running
[2024-10-20T22:00:16.039+0000] {logging_mixin.py:190} INFO - Dag name:binance_data_extraction queued_at:2024-10-20 22:00:13.351007+00:00
[2024-10-20T22:00:16.039+0000] {logging_mixin.py:190} INFO - Task hostname:a067a1017c42 operator:PythonOperator
[2024-10-20T22:00:16.062+0000] {local_task_job_runner.py:266} INFO - Task exited with return code 0
[2024-10-20T22:00:16.096+0000] {taskinstance.py:3900} INFO - 1 downstream tasks scheduled from follow-on schedule check
[2024-10-20T22:00:16.098+0000] {local_task_job_runner.py:245} INFO - ::endgroup::
